{"C:\\Users\\Johnny\\Downloads\\461LProject\\ioDB\\web\\src\\constants.js": {"path":"C:\\Users\\Johnny\\Downloads\\461LProject\\ioDB\\web\\src\\constants.js","statementMap":{"0":{"start":{"line":1,"column":24},"end":{"line":1,"column":62}},"1":{"start":{"line":3,"column":28},"end":{"line":7,"column":1}},"2":{"start":{"line":9,"column":30},"end":{"line":16,"column":1}},"3":{"start":{"line":17,"column":25},"end":{"line":24,"column":1}},"4":{"start":{"line":27,"column":26},"end":{"line":27,"column":56}},"5":{"start":{"line":28,"column":28},"end":{"line":28,"column":60}},"6":{"start":{"line":29,"column":4},"end":{"line":31,"column":5}},"7":{"start":{"line":30,"column":8},"end":{"line":30,"column":47}},"8":{"start":{"line":32,"column":4},"end":{"line":32,"column":43}},"9":{"start":{"line":35,"column":31},"end":{"line":68,"column":1}},"10":{"start":{"line":70,"column":21},"end":{"line":76,"column":1}},"11":{"start":{"line":78,"column":28},"end":{"line":85,"column":1}},"12":{"start":{"line":87,"column":25},"end":{"line":94,"column":1}},"13":{"start":{"line":96,"column":28},"end":{"line":103,"column":1}},"14":{"start":{"line":105,"column":32},"end":{"line":109,"column":1}},"15":{"start":{"line":111,"column":32},"end":{"line":118,"column":1}}},"fnMap":{"0":{"name":"getJoinedTablename","decl":{"start":{"line":26,"column":16},"end":{"line":26,"column":34}},"loc":{"start":{"line":26,"column":65},"end":{"line":33,"column":1}},"line":26}},"branchMap":{"0":{"loc":{"start":{"line":29,"column":4},"end":{"line":31,"column":5}},"type":"if","locations":[{"start":{"line":29,"column":4},"end":{"line":31,"column":5}},{"start":{"line":29,"column":4},"end":{"line":31,"column":5}}],"line":29}},"s":{"0":2,"1":2,"2":2,"3":2,"4":0,"5":0,"6":0,"7":0,"8":0,"9":2,"10":2,"11":2,"12":2,"13":2,"14":2,"15":2},"f":{"0":0},"b":{"0":[0,0]},"_coverageSchema":"332fd63041d2c1bcb487cc26dd0d5f7d97098a6c","hash":"2bc3b3bcc8636024011c079ff5ee02739b3a8ce8"}
,"C:\\Users\\Johnny\\Downloads\\461LProject\\ioDB\\web\\src\\fetchAPI.js": {"path":"C:\\Users\\Johnny\\Downloads\\461LProject\\ioDB\\web\\src\\fetchAPI.js","statementMap":{"0":{"start":{"line":5,"column":4},"end":{"line":14,"column":5}},"1":{"start":{"line":6,"column":25},"end":{"line":6,"column":69}},"2":{"start":{"line":7,"column":20},"end":{"line":7,"column":39}},"3":{"start":{"line":8,"column":25},"end":{"line":8,"column":45}},"4":{"start":{"line":9,"column":25},"end":{"line":9,"column":33}},"5":{"start":{"line":10,"column":8},"end":{"line":10,"column":58}},"6":{"start":{"line":11,"column":8},"end":{"line":11,"column":20}},"7":{"start":{"line":13,"column":8},"end":{"line":13,"column":35}},"8":{"start":{"line":18,"column":4},"end":{"line":27,"column":5}},"9":{"start":{"line":19,"column":25},"end":{"line":19,"column":79}},"10":{"start":{"line":20,"column":20},"end":{"line":20,"column":39}},"11":{"start":{"line":21,"column":25},"end":{"line":21,"column":45}},"12":{"start":{"line":22,"column":25},"end":{"line":22,"column":33}},"13":{"start":{"line":23,"column":8},"end":{"line":23,"column":58}},"14":{"start":{"line":24,"column":8},"end":{"line":24,"column":20}},"15":{"start":{"line":26,"column":8},"end":{"line":26,"column":35}},"16":{"start":{"line":31,"column":4},"end":{"line":40,"column":5}},"17":{"start":{"line":32,"column":25},"end":{"line":32,"column":86}},"18":{"start":{"line":33,"column":20},"end":{"line":33,"column":39}},"19":{"start":{"line":34,"column":25},"end":{"line":34,"column":45}},"20":{"start":{"line":35,"column":25},"end":{"line":35,"column":33}},"21":{"start":{"line":36,"column":8},"end":{"line":36,"column":58}},"22":{"start":{"line":37,"column":8},"end":{"line":37,"column":20}},"23":{"start":{"line":39,"column":8},"end":{"line":39,"column":35}},"24":{"start":{"line":44,"column":22},"end":{"line":44,"column":70}},"25":{"start":{"line":45,"column":4},"end":{"line":45,"column":68}},"26":{"start":{"line":46,"column":4},"end":{"line":55,"column":5}},"27":{"start":{"line":47,"column":25},"end":{"line":47,"column":102}},"28":{"start":{"line":48,"column":20},"end":{"line":48,"column":39}},"29":{"start":{"line":49,"column":25},"end":{"line":49,"column":45}},"30":{"start":{"line":50,"column":25},"end":{"line":50,"column":33}},"31":{"start":{"line":51,"column":8},"end":{"line":51,"column":58}},"32":{"start":{"line":52,"column":8},"end":{"line":52,"column":20}},"33":{"start":{"line":54,"column":8},"end":{"line":54,"column":35}},"34":{"start":{"line":59,"column":22},"end":{"line":59,"column":70}},"35":{"start":{"line":60,"column":4},"end":{"line":60,"column":62}},"36":{"start":{"line":61,"column":4},"end":{"line":70,"column":5}},"37":{"start":{"line":62,"column":25},"end":{"line":62,"column":115}},"38":{"start":{"line":63,"column":20},"end":{"line":63,"column":39}},"39":{"start":{"line":64,"column":25},"end":{"line":64,"column":45}},"40":{"start":{"line":65,"column":25},"end":{"line":65,"column":33}},"41":{"start":{"line":66,"column":8},"end":{"line":66,"column":58}},"42":{"start":{"line":67,"column":8},"end":{"line":67,"column":20}},"43":{"start":{"line":69,"column":8},"end":{"line":69,"column":35}}},"fnMap":{"0":{"name":"fetchListData","decl":{"start":{"line":4,"column":22},"end":{"line":4,"column":35}},"loc":{"start":{"line":4,"column":47},"end":{"line":15,"column":1}},"line":4},"1":{"name":"fetchInstanceData","decl":{"start":{"line":17,"column":22},"end":{"line":17,"column":39}},"loc":{"start":{"line":17,"column":55},"end":{"line":28,"column":1}},"line":17},"2":{"name":"fetchTopTenData","decl":{"start":{"line":30,"column":22},"end":{"line":30,"column":37}},"loc":{"start":{"line":30,"column":61},"end":{"line":41,"column":1}},"line":30},"3":{"name":"fetchJoinedInstanceData","decl":{"start":{"line":43,"column":22},"end":{"line":43,"column":45}},"loc":{"start":{"line":43,"column":80},"end":{"line":56,"column":1}},"line":43},"4":{"name":"fetchJoinedTopTenData","decl":{"start":{"line":58,"column":22},"end":{"line":58,"column":43}},"loc":{"start":{"line":58,"column":90},"end":{"line":71,"column":1}},"line":58}},"branchMap":{},"s":{"0":0,"1":0,"2":0,"3":0,"4":0,"5":0,"6":0,"7":0,"8":0,"9":0,"10":0,"11":0,"12":0,"13":0,"14":0,"15":0,"16":0,"17":0,"18":0,"19":0,"20":0,"21":0,"22":0,"23":0,"24":0,"25":0,"26":0,"27":0,"28":0,"29":0,"30":0,"31":0,"32":0,"33":0,"34":0,"35":0,"36":0,"37":0,"38":0,"39":0,"40":0,"41":0,"42":0,"43":0},"f":{"0":0,"1":0,"2":0,"3":0,"4":0},"b":{},"_coverageSchema":"332fd63041d2c1bcb487cc26dd0d5f7d97098a6c","hash":"03361b3bf755fdfd3dfc6fd8e43a0768925888ef"}
,"C:\\Users\\Johnny\\Downloads\\461LProject\\ioDB\\web\\src\\index.js": {"path":"C:\\Users\\Johnny\\Downloads\\461LProject\\ioDB\\web\\src\\index.js","statementMap":{"0":{"start":{"line":1,"column":0},"end":{"line":null,"column":-1}},"1":{"start":{"line":2,"column":0},"end":{"line":null,"column":-1}},"2":{"start":{"line":3,"column":0},"end":{"line":null,"column":-1}},"3":{"start":{"line":4,"column":0},"end":{"line":null,"column":-1}},"4":{"start":{"line":5,"column":0},"end":{"line":null,"column":-1}},"5":{"start":{"line":6,"column":0},"end":{"line":null,"column":-1}},"6":{"start":{"line":13,"column":0},"end":{"line":null,"column":-1}}},"fnMap":{},"branchMap":{},"s":{"0":0,"1":0,"2":0,"3":0,"4":0,"5":0,"6":0},"f":{},"b":{}}
,"C:\\Users\\Johnny\\Downloads\\461LProject\\ioDB\\web\\src\\serviceWorker.js": {"path":"C:\\Users\\Johnny\\Downloads\\461LProject\\ioDB\\web\\src\\serviceWorker.js","statementMap":{"0":{"start":{"line":13,"column":20},"end":{"line":13,"column":0}},"1":{"start":{"line":22,"column":4},"end":{"line":52,"column":5}},"2":{"start":{"line":24,"column":26},"end":{"line":24,"column":8}},"3":{"start":{"line":25,"column":8},"end":{"line":30,"column":9}},"4":{"start":{"line":29,"column":12},"end":{"line":null,"column":-1}},"5":{"start":{"line":32,"column":8},"end":{"line":null,"column":-1}},"6":{"start":{"line":33,"column":27},"end":{"line":33,"column":12}},"7":{"start":{"line":35,"column":12},"end":{"line":50,"column":13}},"8":{"start":{"line":37,"column":16},"end":{"line":35,"column":29}},"9":{"start":{"line":41,"column":16},"end":{"line":null,"column":-1}},"10":{"start":{"line":42,"column":20},"end":{"line":null,"column":-1}},"11":{"start":{"line":49,"column":16},"end":{"line":null,"column":-1}},"12":{"start":{"line":56,"column":4},"end":{"line":null,"column":-1}},"13":{"start":{"line":59,"column":12},"end":{"line":null,"column":-1}},"14":{"start":{"line":60,"column":41},"end":{"line":60,"column":16}},"15":{"start":{"line":61,"column":16},"end":{"line":63,"column":17}},"16":{"start":{"line":62,"column":20},"end":{"line":null,"column":-1}},"17":{"start":{"line":64,"column":16},"end":{"line":null,"column":-1}},"18":{"start":{"line":65,"column":20},"end":{"line":90,"column":21}},"19":{"start":{"line":66,"column":24},"end":{"line":89,"column":25}},"20":{"start":{"line":70,"column":28},"end":{"line":66,"column":64}},"21":{"start":{"line":76,"column":28},"end":{"line":78,"column":29}},"22":{"start":{"line":77,"column":32},"end":{"line":null,"column":-1}},"23":{"start":{"line":83,"column":28},"end":{"line":79,"column":31}},"24":{"start":{"line":86,"column":28},"end":{"line":88,"column":29}},"25":{"start":{"line":87,"column":32},"end":{"line":null,"column":-1}},"26":{"start":{"line":95,"column":12},"end":{"line":null,"column":-1}},"27":{"start":{"line":101,"column":4},"end":{"line":null,"column":-1}},"28":{"start":{"line":104,"column":32},"end":{"line":104,"column":12}},"29":{"start":{"line":105,"column":12},"end":{"line":115,"column":13}},"30":{"start":{"line":107,"column":16},"end":{"line":null,"column":-1}},"31":{"start":{"line":108,"column":20},"end":{"line":null,"column":-1}},"32":{"start":{"line":109,"column":24},"end":{"line":null,"column":-1}},"33":{"start":{"line":114,"column":16},"end":{"line":null,"column":-1}},"34":{"start":{"line":118,"column":12},"end":{"line":null,"column":-1}},"35":{"start":{"line":123,"column":4},"end":{"line":127,"column":5}},"36":{"start":{"line":124,"column":8},"end":{"line":null,"column":-1}},"37":{"start":{"line":125,"column":12},"end":{"line":null,"column":-1}}},"fnMap":{"0":{"name":"register","decl":{"start":{"line":21,"column":16},"end":{"line":21,"column":7}},"loc":{"start":{"line":21,"column":33},"end":{"line":53,"column":1}}},"1":{"name":"(anonymous_1)","decl":{"start":{"line":32,"column":40},"end":{"line":32,"column":45}},"loc":{"start":{"line":32,"column":46},"end":{"line":32,"column":8}}},"2":{"name":"(anonymous_2)","decl":{"start":{"line":41,"column":51},"end":{"line":41,"column":56}},"loc":{"start":{"line":41,"column":57},"end":{"line":41,"column":16}}},"3":{"name":"registerValidSW","decl":{"start":{"line":55,"column":9},"end":{"line":55,"column":0}},"loc":{"start":{"line":55,"column":40},"end":{"line":97,"column":1}}},"4":{"name":"(anonymous_4)","decl":{"start":{"line":58,"column":14},"end":{"line":58,"column":25}},"loc":{"start":{"line":58,"column":30},"end":{"line":56,"column":4}}},"5":{"name":"(anonymous_5)","decl":{"start":{"line":59,"column":41},"end":{"line":59,"column":46}},"loc":{"start":{"line":59,"column":47},"end":{"line":59,"column":12}}},"6":{"name":"(anonymous_6)","decl":{"start":{"line":64,"column":49},"end":{"line":64,"column":54}},"loc":{"start":{"line":64,"column":55},"end":{"line":64,"column":16}}},"7":{"name":"(anonymous_7)","decl":{"start":{"line":94,"column":15},"end":{"line":94,"column":19}},"loc":{"start":{"line":94,"column":24},"end":{"line":56,"column":4}}},"8":{"name":"checkValidServiceWorker","decl":{"start":{"line":99,"column":9},"end":{"line":99,"column":0}},"loc":{"start":{"line":99,"column":48},"end":{"line":120,"column":1}}},"9":{"name":"(anonymous_9)","decl":{"start":{"line":102,"column":14},"end":{"line":102,"column":21}},"loc":{"start":{"line":102,"column":26},"end":{"line":101,"column":4}}},"10":{"name":"(anonymous_10)","decl":{"start":{"line":107,"column":51},"end":{"line":107,"column":62}},"loc":{"start":{"line":107,"column":67},"end":{"line":107,"column":16}}},"11":{"name":"(anonymous_11)","decl":{"start":{"line":108,"column":51},"end":{"line":108,"column":56}},"loc":{"start":{"line":108,"column":57},"end":{"line":108,"column":20}}},"12":{"name":"(anonymous_12)","decl":{"start":{"line":117,"column":15},"end":{"line":117,"column":20}},"loc":{"start":{"line":117,"column":21},"end":{"line":101,"column":4}}},"13":{"name":"unregister","decl":{"start":{"line":122,"column":16},"end":{"line":122,"column":7}},"loc":{"start":{"line":122,"column":29},"end":{"line":128,"column":1}}},"14":{"name":"(anonymous_14)","decl":{"start":{"line":124,"column":43},"end":{"line":124,"column":54}},"loc":{"start":{"line":124,"column":59},"end":{"line":124,"column":8}}}},"branchMap":{"0":{"loc":{"start":{"line":14,"column":4},"end":{"line":14,"column":3}},"type":"binary-expr","locations":[{"start":{"line":14,"column":4},"end":{"line":14,"column":3}},{"start":{"line":16,"column":8},"end":{"line":14,"column":4}},{"start":{"line":18,"column":8},"end":{"line":13,"column":27}}]},"1":{"loc":{"start":{"line":22,"column":4},"end":{"line":52,"column":5}},"type":"if","locations":[{"start":{"line":22,"column":4},"end":{"line":52,"column":5}},{"start":{"line":22,"column":4},"end":{"line":52,"column":5}}]},"2":{"loc":{"start":{"line":22,"column":8},"end":{"line":22,"column":7}},"type":"binary-expr","locations":[{"start":{"line":22,"column":8},"end":{"line":22,"column":7}},{"start":{"line":22,"column":49},"end":{"line":22,"column":4}}]},"3":{"loc":{"start":{"line":25,"column":8},"end":{"line":30,"column":9}},"type":"if","locations":[{"start":{"line":25,"column":8},"end":{"line":30,"column":9}},{"start":{"line":25,"column":8},"end":{"line":30,"column":9}}]},"4":{"loc":{"start":{"line":35,"column":12},"end":{"line":50,"column":13}},"type":"if","locations":[{"start":{"line":35,"column":12},"end":{"line":50,"column":13}},{"start":{"line":35,"column":12},"end":{"line":50,"column":13}}]},"5":{"loc":{"start":{"line":61,"column":16},"end":{"line":63,"column":17}},"type":"if","locations":[{"start":{"line":61,"column":16},"end":{"line":63,"column":17}},{"start":{"line":61,"column":16},"end":{"line":63,"column":17}}]},"6":{"loc":{"start":{"line":65,"column":20},"end":{"line":90,"column":21}},"type":"if","locations":[{"start":{"line":65,"column":20},"end":{"line":90,"column":21}},{"start":{"line":65,"column":20},"end":{"line":90,"column":21}}]},"7":{"loc":{"start":{"line":66,"column":24},"end":{"line":89,"column":25}},"type":"if","locations":[{"start":{"line":66,"column":24},"end":{"line":89,"column":25}},{"start":{"line":66,"column":24},"end":{"line":89,"column":25}}]},"8":{"loc":{"start":{"line":76,"column":28},"end":{"line":78,"column":29}},"type":"if","locations":[{"start":{"line":76,"column":28},"end":{"line":78,"column":29}},{"start":{"line":76,"column":28},"end":{"line":78,"column":29}}]},"9":{"loc":{"start":{"line":76,"column":32},"end":{"line":76,"column":38}},"type":"binary-expr","locations":[{"start":{"line":76,"column":32},"end":{"line":76,"column":38}},{"start":{"line":76,"column":42},"end":{"line":76,"column":28}}]},"10":{"loc":{"start":{"line":86,"column":28},"end":{"line":88,"column":29}},"type":"if","locations":[{"start":{"line":86,"column":28},"end":{"line":88,"column":29}},{"start":{"line":86,"column":28},"end":{"line":88,"column":29}}]},"11":{"loc":{"start":{"line":86,"column":32},"end":{"line":86,"column":38}},"type":"binary-expr","locations":[{"start":{"line":86,"column":32},"end":{"line":86,"column":38}},{"start":{"line":86,"column":42},"end":{"line":86,"column":28}}]},"12":{"loc":{"start":{"line":105,"column":12},"end":{"line":115,"column":13}},"type":"if","locations":[{"start":{"line":105,"column":12},"end":{"line":115,"column":13}},{"start":{"line":105,"column":12},"end":{"line":115,"column":13}}]},"13":{"loc":{"start":{"line":105,"column":16},"end":{"line":105,"column":15}},"type":"binary-expr","locations":[{"start":{"line":105,"column":16},"end":{"line":105,"column":15}},{"start":{"line":105,"column":44},"end":{"line":105,"column":43}},{"start":{"line":105,"column":67},"end":{"line":105,"column":12}}]},"14":{"loc":{"start":{"line":123,"column":4},"end":{"line":127,"column":5}},"type":"if","locations":[{"start":{"line":123,"column":4},"end":{"line":127,"column":5}},{"start":{"line":123,"column":4},"end":{"line":127,"column":5}}]}},"s":{"0":0,"1":0,"2":0,"3":0,"4":0,"5":0,"6":0,"7":0,"8":0,"9":0,"10":0,"11":0,"12":0,"13":0,"14":0,"15":0,"16":0,"17":0,"18":0,"19":0,"20":0,"21":0,"22":0,"23":0,"24":0,"25":0,"26":0,"27":0,"28":0,"29":0,"30":0,"31":0,"32":0,"33":0,"34":0,"35":0,"36":0,"37":0},"f":{"0":0,"1":0,"2":0,"3":0,"4":0,"5":0,"6":0,"7":0,"8":0,"9":0,"10":0,"11":0,"12":0,"13":0,"14":0},"b":{"0":[0,0,0],"1":[0,0],"2":[0,0],"3":[0,0],"4":[0,0],"5":[0,0],"6":[0,0],"7":[0,0],"8":[0,0],"9":[0,0],"10":[0,0],"11":[0,0],"12":[0,0],"13":[0,0,0],"14":[0,0]}}
,"C:\\Users\\Johnny\\Downloads\\461LProject\\ioDB\\web\\src\\setupTests.js": {"path":"C:\\Users\\Johnny\\Downloads\\461LProject\\ioDB\\web\\src\\setupTests.js","statementMap":{},"fnMap":{},"branchMap":{},"s":{},"f":{},"b":{},"_coverageSchema":"332fd63041d2c1bcb487cc26dd0d5f7d97098a6c","hash":"6cf711040f5aa976ac8998f604ef05b401559a11"}
,"C:\\Users\\Johnny\\Downloads\\461LProject\\ioDB\\web\\src\\components\\CountryMap.js": {"path":"C:\\Users\\Johnny\\Downloads\\461LProject\\ioDB\\web\\src\\components\\CountryMap.js","statementMap":{"0":{"start":{"line":10,"column":22},"end":{"line":14,"column":1}},"1":{"start":{"line":23,"column":8},"end":{"line":23,"column":21}},"2":{"start":{"line":24,"column":8},"end":{"line":43,"column":10}},"3":{"start":{"line":44,"column":8},"end":{"line":44,"column":55}},"4":{"start":{"line":45,"column":8},"end":{"line":45,"column":61}},"5":{"start":{"line":46,"column":8},"end":{"line":46,"column":65}},"6":{"start":{"line":47,"column":8},"end":{"line":47,"column":53}},"7":{"start":{"line":64,"column":8},"end":{"line":69,"column":11}},"8":{"start":{"line":70,"column":8},"end":{"line":70,"column":29}},"9":{"start":{"line":74,"column":8},"end":{"line":74,"column":47}},"10":{"start":{"line":75,"column":21},"end":{"line":75,"column":60}},"11":{"start":{"line":76,"column":23},"end":{"line":76,"column":73}},"12":{"start":{"line":78,"column":8},"end":{"line":87,"column":9}},"13":{"start":{"line":79,"column":12},"end":{"line":79,"column":23}},"14":{"start":{"line":80,"column":15},"end":{"line":87,"column":9}},"15":{"start":{"line":81,"column":12},"end":{"line":81,"column":23}},"16":{"start":{"line":83,"column":27},"end":{"line":83,"column":49}},"17":{"start":{"line":84,"column":23},"end":{"line":84,"column":50}},"18":{"start":{"line":85,"column":23},"end":{"line":85,"column":50}},"19":{"start":{"line":86,"column":12},"end":{"line":86,"column":81}},"20":{"start":{"line":88,"column":8},"end":{"line":88,"column":26}},"21":{"start":{"line":89,"column":8},"end":{"line":99,"column":11}},"22":{"start":{"line":100,"column":8},"end":{"line":100,"column":54}},"23":{"start":{"line":104,"column":8},"end":{"line":104,"column":45}},"24":{"start":{"line":105,"column":8},"end":{"line":111,"column":11}},"25":{"start":{"line":112,"column":8},"end":{"line":112,"column":52}},"26":{"start":{"line":116,"column":8},"end":{"line":118,"column":24}},"27":{"start":{"line":122,"column":8},"end":{"line":258,"column":10}},"28":{"start":{"line":138,"column":24},"end":{"line":254,"column":40}},"29":{"start":{"line":151,"column":40},"end":{"line":203,"column":42}},"30":{"start":{"line":152,"column":44},"end":{"line":157,"column":45}},"31":{"start":{"line":156,"column":48},"end":{"line":156,"column":81}},"32":{"start":{"line":158,"column":44},"end":{"line":202,"column":46}},"33":{"start":{"line":208,"column":40},"end":{"line":250,"column":42}},"34":{"start":{"line":209,"column":44},"end":{"line":215,"column":45}},"35":{"start":{"line":214,"column":48},"end":{"line":214,"column":60}},"36":{"start":{"line":216,"column":44},"end":{"line":221,"column":45}},"37":{"start":{"line":220,"column":48},"end":{"line":220,"column":79}},"38":{"start":{"line":222,"column":44},"end":{"line":249,"column":46}}},"fnMap":{"0":{"name":"(anonymous_0)","decl":{"start":{"line":22,"column":4},"end":{"line":22,"column":5}},"loc":{"start":{"line":22,"column":23},"end":{"line":48,"column":5}},"line":22},"1":{"name":"(anonymous_1)","decl":{"start":{"line":63,"column":4},"end":{"line":63,"column":5}},"loc":{"start":{"line":63,"column":18},"end":{"line":71,"column":5}},"line":63},"2":{"name":"(anonymous_2)","decl":{"start":{"line":73,"column":4},"end":{"line":73,"column":5}},"loc":{"start":{"line":73,"column":32},"end":{"line":101,"column":5}},"line":73},"3":{"name":"(anonymous_3)","decl":{"start":{"line":103,"column":4},"end":{"line":103,"column":5}},"loc":{"start":{"line":103,"column":30},"end":{"line":113,"column":5}},"line":103},"4":{"name":"(anonymous_4)","decl":{"start":{"line":115,"column":4},"end":{"line":115,"column":5}},"loc":{"start":{"line":115,"column":17},"end":{"line":119,"column":5}},"line":115},"5":{"name":"(anonymous_5)","decl":{"start":{"line":121,"column":4},"end":{"line":121,"column":5}},"loc":{"start":{"line":121,"column":13},"end":{"line":259,"column":5}},"line":121},"6":{"name":"(anonymous_6)","decl":{"start":{"line":137,"column":21},"end":{"line":137,"column":22}},"loc":{"start":{"line":138,"column":24},"end":{"line":254,"column":40}},"line":138},"7":{"name":"(anonymous_7)","decl":{"start":{"line":150,"column":37},"end":{"line":150,"column":38}},"loc":{"start":{"line":151,"column":40},"end":{"line":203,"column":42}},"line":151},"8":{"name":"(anonymous_8)","decl":{"start":{"line":151,"column":56},"end":{"line":151,"column":57}},"loc":{"start":{"line":151,"column":74},"end":{"line":203,"column":41}},"line":151},"9":{"name":"(anonymous_9)","decl":{"start":{"line":207,"column":37},"end":{"line":207,"column":38}},"loc":{"start":{"line":208,"column":40},"end":{"line":250,"column":42}},"line":208},"10":{"name":"(anonymous_10)","decl":{"start":{"line":208,"column":56},"end":{"line":208,"column":57}},"loc":{"start":{"line":208,"column":74},"end":{"line":250,"column":41}},"line":208}},"branchMap":{"0":{"loc":{"start":{"line":27,"column":27},"end":{"line":27,"column":79}},"type":"cond-expr","locations":[{"start":{"line":27,"column":59},"end":{"line":27,"column":74}},{"start":{"line":27,"column":77},"end":{"line":27,"column":79}}],"line":27},"1":{"loc":{"start":{"line":28,"column":20},"end":{"line":28,"column":58}},"type":"cond-expr","locations":[{"start":{"line":28,"column":45},"end":{"line":28,"column":53}},{"start":{"line":28,"column":56},"end":{"line":28,"column":58}}],"line":28},"2":{"loc":{"start":{"line":78,"column":8},"end":{"line":87,"column":9}},"type":"if","locations":[{"start":{"line":78,"column":8},"end":{"line":87,"column":9}},{"start":{"line":78,"column":8},"end":{"line":87,"column":9}}],"line":78},"3":{"loc":{"start":{"line":80,"column":15},"end":{"line":87,"column":9}},"type":"if","locations":[{"start":{"line":80,"column":15},"end":{"line":87,"column":9}},{"start":{"line":80,"column":15},"end":{"line":87,"column":9}}],"line":80},"4":{"loc":{"start":{"line":152,"column":44},"end":{"line":157,"column":45}},"type":"if","locations":[{"start":{"line":152,"column":44},"end":{"line":157,"column":45}},{"start":{"line":152,"column":44},"end":{"line":157,"column":45}}],"line":152},"5":{"loc":{"start":{"line":153,"column":48},"end":{"line":154,"column":72}},"type":"binary-expr","locations":[{"start":{"line":153,"column":48},"end":{"line":153,"column":97}},{"start":{"line":154,"column":48},"end":{"line":154,"column":72}}],"line":153},"6":{"loc":{"start":{"line":164,"column":56},"end":{"line":167,"column":83}},"type":"cond-expr","locations":[{"start":{"line":166,"column":62},"end":{"line":166,"column":66}},{"start":{"line":167,"column":62},"end":{"line":167,"column":83}}],"line":164},"7":{"loc":{"start":{"line":164,"column":56},"end":{"line":165,"column":103}},"type":"binary-expr","locations":[{"start":{"line":164,"column":56},"end":{"line":164,"column":73}},{"start":{"line":165,"column":56},"end":{"line":165,"column":103}}],"line":164},"8":{"loc":{"start":{"line":170,"column":56},"end":{"line":199,"column":63}},"type":"cond-expr","locations":[{"start":{"line":172,"column":62},"end":{"line":179,"column":63}},{"start":{"line":180,"column":62},"end":{"line":199,"column":63}}],"line":170},"9":{"loc":{"start":{"line":170,"column":56},"end":{"line":171,"column":103}},"type":"binary-expr","locations":[{"start":{"line":170,"column":56},"end":{"line":170,"column":73}},{"start":{"line":171,"column":56},"end":{"line":171,"column":103}}],"line":170},"10":{"loc":{"start":{"line":209,"column":44},"end":{"line":215,"column":45}},"type":"if","locations":[{"start":{"line":209,"column":44},"end":{"line":215,"column":45}},{"start":{"line":209,"column":44},"end":{"line":215,"column":45}}],"line":209},"11":{"loc":{"start":{"line":216,"column":44},"end":{"line":221,"column":45}},"type":"if","locations":[{"start":{"line":216,"column":44},"end":{"line":221,"column":45}},{"start":{"line":216,"column":44},"end":{"line":221,"column":45}}],"line":216},"12":{"loc":{"start":{"line":217,"column":48},"end":{"line":218,"column":72}},"type":"binary-expr","locations":[{"start":{"line":217,"column":48},"end":{"line":217,"column":100}},{"start":{"line":218,"column":48},"end":{"line":218,"column":72}}],"line":217}},"s":{"0":1,"1":0,"2":0,"3":0,"4":0,"5":0,"6":0,"7":0,"8":0,"9":0,"10":0,"11":0,"12":0,"13":0,"14":0,"15":0,"16":0,"17":0,"18":0,"19":0,"20":0,"21":0,"22":0,"23":0,"24":0,"25":0,"26":0,"27":0,"28":0,"29":0,"30":0,"31":0,"32":0,"33":0,"34":0,"35":0,"36":0,"37":0,"38":0},"f":{"0":0,"1":0,"2":0,"3":0,"4":0,"5":0,"6":0,"7":0,"8":0,"9":0,"10":0},"b":{"0":[0,0],"1":[0,0],"2":[0,0],"3":[0,0],"4":[0,0],"5":[0,0],"6":[0,0],"7":[0,0],"8":[0,0],"9":[0,0],"10":[0,0],"11":[0,0],"12":[0,0]},"_coverageSchema":"332fd63041d2c1bcb487cc26dd0d5f7d97098a6c","hash":"f25c9c784bfd8158690ce2157d8ca84d64480c1c"}
,"C:\\Users\\Johnny\\Downloads\\461LProject\\ioDB\\web\\src\\components\\DetailedInstanceList.js": {"path":"C:\\Users\\Johnny\\Downloads\\461LProject\\ioDB\\web\\src\\components\\DetailedInstanceList.js","statementMap":{"0":{"start":{"line":17,"column":18},"end":{"line":17,"column":47}},"1":{"start":{"line":18,"column":4},"end":{"line":18,"column":45}},"2":{"start":{"line":19,"column":4},"end":{"line":23,"column":7}},"3":{"start":{"line":20,"column":8},"end":{"line":22,"column":18}},"4":{"start":{"line":26,"column":29},"end":{"line":53,"column":1}},"5":{"start":{"line":27,"column":26},"end":{"line":27,"column":54}},"6":{"start":{"line":28,"column":33},"end":{"line":28,"column":64}},"7":{"start":{"line":29,"column":4},"end":{"line":52,"column":6}},"8":{"start":{"line":55,"column":15},"end":{"line":57,"column":1}}},"fnMap":{"0":{"name":"renderInstanceLinks","decl":{"start":{"line":16,"column":9},"end":{"line":16,"column":28}},"loc":{"start":{"line":16,"column":50},"end":{"line":24,"column":1}},"line":16},"1":{"name":"(anonymous_1)","decl":{"start":{"line":19,"column":20},"end":{"line":19,"column":21}},"loc":{"start":{"line":20,"column":8},"end":{"line":22,"column":18}},"line":20},"2":{"name":"(anonymous_2)","decl":{"start":{"line":26,"column":29},"end":{"line":26,"column":30}},"loc":{"start":{"line":26,"column":81},"end":{"line":53,"column":1}},"line":26}},"branchMap":{},"s":{"0":0,"1":0,"2":0,"3":0,"4":2,"5":0,"6":0,"7":0,"8":2},"f":{"0":0,"1":0,"2":0},"b":{},"_coverageSchema":"332fd63041d2c1bcb487cc26dd0d5f7d97098a6c","hash":"45eb4e65a40c3085d84db4d338bd5057e4e0b34c"}
,"C:\\Users\\Johnny\\Downloads\\461LProject\\ioDB\\web\\src\\components\\InstanceInfo.js": {"path":"C:\\Users\\Johnny\\Downloads\\461LProject\\ioDB\\web\\src\\components\\InstanceInfo.js","statementMap":{"0":{"start":{"line":5,"column":21},"end":{"line":21,"column":1}},"1":{"start":{"line":6,"column":4},"end":{"line":6,"column":18}},"2":{"start":{"line":7,"column":4},"end":{"line":20,"column":6}},"3":{"start":{"line":23,"column":15},"end":{"line":25,"column":1}}},"fnMap":{"0":{"name":"(anonymous_0)","decl":{"start":{"line":5,"column":21},"end":{"line":5,"column":22}},"loc":{"start":{"line":5,"column":62},"end":{"line":21,"column":1}},"line":5}},"branchMap":{"0":{"loc":{"start":{"line":13,"column":13},"end":{"line":18,"column":20}},"type":"cond-expr","locations":[{"start":{"line":14,"column":16},"end":{"line":17,"column":22}},{"start":{"line":18,"column":16},"end":{"line":18,"column":20}}],"line":13}},"s":{"0":3,"1":2,"2":2,"3":3},"f":{"0":2},"b":{"0":[0,2]},"_coverageSchema":"332fd63041d2c1bcb487cc26dd0d5f7d97098a6c","hash":"40b79b06ca6e24a445f7fb453ae1bcdc89239870"}
,"C:\\Users\\Johnny\\Downloads\\461LProject\\ioDB\\web\\src\\components\\LocationData.js": {"path":"C:\\Users\\Johnny\\Downloads\\461LProject\\ioDB\\web\\src\\components\\LocationData.js","statementMap":{"0":{"start":{"line":12,"column":8},"end":{"line":12,"column":21}},"1":{"start":{"line":13,"column":8},"end":{"line":13,"column":27}},"2":{"start":{"line":17,"column":43},"end":{"line":17,"column":53}},"3":{"start":{"line":18,"column":8},"end":{"line":40,"column":10}}},"fnMap":{"0":{"name":"(anonymous_0)","decl":{"start":{"line":11,"column":4},"end":{"line":11,"column":5}},"loc":{"start":{"line":11,"column":23},"end":{"line":14,"column":5}},"line":11},"1":{"name":"(anonymous_1)","decl":{"start":{"line":16,"column":4},"end":{"line":16,"column":5}},"loc":{"start":{"line":16,"column":13},"end":{"line":41,"column":5}},"line":16}},"branchMap":{},"s":{"0":0,"1":0,"2":0,"3":0},"f":{"0":0,"1":0},"b":{},"_coverageSchema":"332fd63041d2c1bcb487cc26dd0d5f7d97098a6c","hash":"dcee6103e20e6e4187ee97c14e4855d679c0310d"}
,"C:\\Users\\Johnny\\Downloads\\461LProject\\ioDB\\web\\src\\components\\NewComponent.js": {"path":"C:\\Users\\Johnny\\Downloads\\461LProject\\ioDB\\web\\src\\components\\NewComponent.js","statementMap":{"0":{"start":{"line":3,"column":21},"end":{"line":7,"column":1}},"1":{"start":{"line":4,"column":4},"end":{"line":6,"column":10}},"2":{"start":{"line":9,"column":15},"end":{"line":11,"column":1}}},"fnMap":{"0":{"name":"(anonymous_0)","decl":{"start":{"line":3,"column":21},"end":{"line":3,"column":22}},"loc":{"start":{"line":4,"column":4},"end":{"line":6,"column":10}},"line":4}},"branchMap":{},"s":{"0":2,"1":0,"2":2},"f":{"0":0},"b":{},"_coverageSchema":"332fd63041d2c1bcb487cc26dd0d5f7d97098a6c","hash":"7f7932417e710c0bdb7649a4ffeaadec5ed545ba"}
,"C:\\Users\\Johnny\\Downloads\\461LProject\\ioDB\\web\\src\\components\\RoutingSearchBar.js": {"path":"C:\\Users\\Johnny\\Downloads\\461LProject\\ioDB\\web\\src\\components\\RoutingSearchBar.js","statementMap":{"0":{"start":{"line":16,"column":34},"end":{"line":16,"column":44}},"1":{"start":{"line":17,"column":8},"end":{"line":17,"column":35}},"2":{"start":{"line":18,"column":30},"end":{"line":18,"column":43}},"3":{"start":{"line":19,"column":8},"end":{"line":19,"column":39}},"4":{"start":{"line":23,"column":8},"end":{"line":23,"column":44}},"5":{"start":{"line":27,"column":8},"end":{"line":27,"column":65}},"6":{"start":{"line":28,"column":30},"end":{"line":28,"column":43}},"7":{"start":{"line":29,"column":8},"end":{"line":29,"column":39}},"8":{"start":{"line":30,"column":8},"end":{"line":30,"column":51}},"9":{"start":{"line":34,"column":52},"end":{"line":34,"column":62}},"10":{"start":{"line":35,"column":8},"end":{"line":39,"column":9}},"11":{"start":{"line":36,"column":27},"end":{"line":36,"column":43}},"12":{"start":{"line":37,"column":41},"end":{"line":37,"column":54}},"13":{"start":{"line":38,"column":12},"end":{"line":38,"column":68}},"14":{"start":{"line":43,"column":8},"end":{"line":45,"column":11}},"15":{"start":{"line":44,"column":12},"end":{"line":44,"column":53}},"16":{"start":{"line":49,"column":69},"end":{"line":49,"column":79}},"17":{"start":{"line":50,"column":33},"end":{"line":50,"column":43}},"18":{"start":{"line":51,"column":8},"end":{"line":85,"column":10}},"19":{"start":{"line":60,"column":54},"end":{"line":60,"column":66}},"20":{"start":{"line":61,"column":54},"end":{"line":61,"column":63}},"21":{"start":{"line":72,"column":54},"end":{"line":72,"column":66}},"22":{"start":{"line":73,"column":54},"end":{"line":73,"column":70}},"23":{"start":{"line":89,"column":15},"end":{"line":96,"column":1}},"24":{"start":{"line":98,"column":25},"end":{"line":98,"column":46}}},"fnMap":{"0":{"name":"(anonymous_0)","decl":{"start":{"line":15,"column":4},"end":{"line":15,"column":5}},"loc":{"start":{"line":15,"column":24},"end":{"line":20,"column":5}},"line":15},"1":{"name":"(anonymous_1)","decl":{"start":{"line":22,"column":27},"end":{"line":22,"column":28}},"loc":{"start":{"line":22,"column":47},"end":{"line":24,"column":5}},"line":22},"2":{"name":"(anonymous_2)","decl":{"start":{"line":26,"column":24},"end":{"line":26,"column":25}},"loc":{"start":{"line":26,"column":41},"end":{"line":31,"column":5}},"line":26},"3":{"name":"(anonymous_3)","decl":{"start":{"line":33,"column":22},"end":{"line":33,"column":23}},"loc":{"start":{"line":33,"column":28},"end":{"line":40,"column":5}},"line":33},"4":{"name":"(anonymous_4)","decl":{"start":{"line":42,"column":4},"end":{"line":42,"column":5}},"loc":{"start":{"line":42,"column":30},"end":{"line":46,"column":5}},"line":42},"5":{"name":"(anonymous_5)","decl":{"start":{"line":43,"column":38},"end":{"line":43,"column":39}},"loc":{"start":{"line":43,"column":46},"end":{"line":45,"column":9}},"line":43},"6":{"name":"(anonymous_6)","decl":{"start":{"line":48,"column":4},"end":{"line":48,"column":5}},"loc":{"start":{"line":48,"column":13},"end":{"line":86,"column":5}},"line":48},"7":{"name":"(anonymous_7)","decl":{"start":{"line":60,"column":44},"end":{"line":60,"column":45}},"loc":{"start":{"line":60,"column":54},"end":{"line":60,"column":66}},"line":60},"8":{"name":"(anonymous_8)","decl":{"start":{"line":61,"column":44},"end":{"line":61,"column":45}},"loc":{"start":{"line":61,"column":54},"end":{"line":61,"column":63}},"line":61},"9":{"name":"(anonymous_9)","decl":{"start":{"line":72,"column":44},"end":{"line":72,"column":45}},"loc":{"start":{"line":72,"column":54},"end":{"line":72,"column":66}},"line":72},"10":{"name":"(anonymous_10)","decl":{"start":{"line":73,"column":44},"end":{"line":73,"column":45}},"loc":{"start":{"line":73,"column":54},"end":{"line":73,"column":70}},"line":73}},"branchMap":{"0":{"loc":{"start":{"line":35,"column":8},"end":{"line":39,"column":9}},"type":"if","locations":[{"start":{"line":35,"column":8},"end":{"line":39,"column":9}},{"start":{"line":35,"column":8},"end":{"line":39,"column":9}}],"line":35}},"s":{"0":0,"1":0,"2":0,"3":0,"4":0,"5":0,"6":0,"7":0,"8":0,"9":0,"10":0,"11":0,"12":0,"13":0,"14":0,"15":0,"16":0,"17":0,"18":0,"19":0,"20":0,"21":0,"22":0,"23":2,"24":2},"f":{"0":0,"1":0,"2":0,"3":0,"4":0,"5":0,"6":0,"7":0,"8":0,"9":0,"10":0},"b":{"0":[0,0]},"_coverageSchema":"332fd63041d2c1bcb487cc26dd0d5f7d97098a6c","hash":"c2d60dae79f8186598fc57e13ac4059995b832a2"}
,"C:\\Users\\Johnny\\Downloads\\461LProject\\ioDB\\web\\src\\components\\TopTenWidget.js": {"path":"C:\\Users\\Johnny\\Downloads\\461LProject\\ioDB\\web\\src\\components\\TopTenWidget.js","statementMap":{"0":{"start":{"line":17,"column":8},"end":{"line":17,"column":26}},"1":{"start":{"line":21,"column":8},"end":{"line":28,"column":9}},"2":{"start":{"line":26,"column":12},"end":{"line":26,"column":95}},"3":{"start":{"line":27,"column":12},"end":{"line":27,"column":30}},"4":{"start":{"line":32,"column":27},"end":{"line":32,"column":29}},"5":{"start":{"line":33,"column":26},"end":{"line":33,"column":28}},"6":{"start":{"line":34,"column":27},"end":{"line":34,"column":29}},"7":{"start":{"line":35,"column":53},"end":{"line":35,"column":63}},"8":{"start":{"line":36,"column":35},"end":{"line":36,"column":45}},"9":{"start":{"line":37,"column":8},"end":{"line":37,"column":72}},"10":{"start":{"line":38,"column":27},"end":{"line":38,"column":74}},"11":{"start":{"line":39,"column":18},"end":{"line":39,"column":19}},"12":{"start":{"line":40,"column":8},"end":{"line":56,"column":9}},"13":{"start":{"line":41,"column":12},"end":{"line":47,"column":15}},"14":{"start":{"line":42,"column":16},"end":{"line":42,"column":64}},"15":{"start":{"line":43,"column":16},"end":{"line":43,"column":63}},"16":{"start":{"line":44,"column":16},"end":{"line":46,"column":17}},"17":{"start":{"line":45,"column":20},"end":{"line":45,"column":58}},"18":{"start":{"line":49,"column":12},"end":{"line":55,"column":15}},"19":{"start":{"line":50,"column":16},"end":{"line":50,"column":48}},"20":{"start":{"line":51,"column":16},"end":{"line":51,"column":63}},"21":{"start":{"line":52,"column":16},"end":{"line":54,"column":17}},"22":{"start":{"line":53,"column":20},"end":{"line":53,"column":58}},"23":{"start":{"line":58,"column":8},"end":{"line":98,"column":9}},"24":{"start":{"line":59,"column":12},"end":{"line":59,"column":37}},"25":{"start":{"line":60,"column":12},"end":{"line":60,"column":51}},"26":{"start":{"line":61,"column":12},"end":{"line":82,"column":14}},"27":{"start":{"line":84,"column":12},"end":{"line":97,"column":14}},"28":{"start":{"line":99,"column":8},"end":{"line":99,"column":52}},"29":{"start":{"line":103,"column":8},"end":{"line":103,"column":58}},"30":{"start":{"line":104,"column":8},"end":{"line":104,"column":42}},"31":{"start":{"line":109,"column":35},"end":{"line":109,"column":45}},"32":{"start":{"line":110,"column":8},"end":{"line":110,"column":36}},"33":{"start":{"line":111,"column":41},"end":{"line":111,"column":51}},"34":{"start":{"line":113,"column":8},"end":{"line":124,"column":9}},"35":{"start":{"line":114,"column":43},"end":{"line":114,"column":53}},"36":{"start":{"line":115,"column":12},"end":{"line":118,"column":15}},"37":{"start":{"line":116,"column":16},"end":{"line":116,"column":47}},"38":{"start":{"line":120,"column":12},"end":{"line":123,"column":15}},"39":{"start":{"line":121,"column":16},"end":{"line":121,"column":47}},"40":{"start":{"line":128,"column":61},"end":{"line":128,"column":71}},"41":{"start":{"line":129,"column":38},"end":{"line":129,"column":48}},"42":{"start":{"line":130,"column":22},"end":{"line":130,"column":27}},"43":{"start":{"line":131,"column":8},"end":{"line":133,"column":9}},"44":{"start":{"line":132,"column":12},"end":{"line":132,"column":35}},"45":{"start":{"line":134,"column":8},"end":{"line":159,"column":10}},"46":{"start":{"line":163,"column":15},"end":{"line":168,"column":1}}},"fnMap":{"0":{"name":"(anonymous_0)","decl":{"start":{"line":16,"column":4},"end":{"line":16,"column":5}},"loc":{"start":{"line":16,"column":24},"end":{"line":18,"column":5}},"line":16},"1":{"name":"(anonymous_1)","decl":{"start":{"line":20,"column":4},"end":{"line":20,"column":5}},"loc":{"start":{"line":20,"column":45},"end":{"line":29,"column":5}},"line":20},"2":{"name":"(anonymous_2)","decl":{"start":{"line":31,"column":18},"end":{"line":31,"column":19}},"loc":{"start":{"line":31,"column":36},"end":{"line":100,"column":5}},"line":31},"3":{"name":"(anonymous_3)","decl":{"start":{"line":41,"column":25},"end":{"line":41,"column":26}},"loc":{"start":{"line":41,"column":37},"end":{"line":47,"column":13}},"line":41},"4":{"name":"(anonymous_4)","decl":{"start":{"line":49,"column":25},"end":{"line":49,"column":26}},"loc":{"start":{"line":49,"column":37},"end":{"line":55,"column":13}},"line":49},"5":{"name":"(anonymous_5)","decl":{"start":{"line":102,"column":25},"end":{"line":102,"column":26}},"loc":{"start":{"line":102,"column":43},"end":{"line":106,"column":5}},"line":102},"6":{"name":"(anonymous_6)","decl":{"start":{"line":108,"column":4},"end":{"line":108,"column":5}},"loc":{"start":{"line":108,"column":17},"end":{"line":125,"column":5}},"line":108},"7":{"name":"(anonymous_7)","decl":{"start":{"line":115,"column":95},"end":{"line":115,"column":96}},"loc":{"start":{"line":115,"column":103},"end":{"line":118,"column":13}},"line":115},"8":{"name":"(anonymous_8)","decl":{"start":{"line":120,"column":69},"end":{"line":120,"column":70}},"loc":{"start":{"line":120,"column":77},"end":{"line":123,"column":13}},"line":120},"9":{"name":"(anonymous_9)","decl":{"start":{"line":127,"column":4},"end":{"line":127,"column":5}},"loc":{"start":{"line":127,"column":13},"end":{"line":160,"column":5}},"line":127}},"branchMap":{"0":{"loc":{"start":{"line":21,"column":8},"end":{"line":28,"column":9}},"type":"if","locations":[{"start":{"line":21,"column":8},"end":{"line":28,"column":9}},{"start":{"line":21,"column":8},"end":{"line":28,"column":9}}],"line":21},"1":{"loc":{"start":{"line":22,"column":12},"end":{"line":24,"column":66}},"type":"binary-expr","locations":[{"start":{"line":22,"column":12},"end":{"line":22,"column":62}},{"start":{"line":23,"column":12},"end":{"line":23,"column":42}},{"start":{"line":24,"column":12},"end":{"line":24,"column":66}}],"line":22},"2":{"loc":{"start":{"line":40,"column":8},"end":{"line":56,"column":9}},"type":"if","locations":[{"start":{"line":40,"column":8},"end":{"line":56,"column":9}},{"start":{"line":40,"column":8},"end":{"line":56,"column":9}}],"line":40},"3":{"loc":{"start":{"line":44,"column":16},"end":{"line":46,"column":17}},"type":"if","locations":[{"start":{"line":44,"column":16},"end":{"line":46,"column":17}},{"start":{"line":44,"column":16},"end":{"line":46,"column":17}}],"line":44},"4":{"loc":{"start":{"line":52,"column":16},"end":{"line":54,"column":17}},"type":"if","locations":[{"start":{"line":52,"column":16},"end":{"line":54,"column":17}},{"start":{"line":52,"column":16},"end":{"line":54,"column":17}}],"line":52},"5":{"loc":{"start":{"line":58,"column":8},"end":{"line":98,"column":9}},"type":"if","locations":[{"start":{"line":58,"column":8},"end":{"line":98,"column":9}},{"start":{"line":58,"column":8},"end":{"line":98,"column":9}}],"line":58},"6":{"loc":{"start":{"line":113,"column":8},"end":{"line":124,"column":9}},"type":"if","locations":[{"start":{"line":113,"column":8},"end":{"line":124,"column":9}},{"start":{"line":113,"column":8},"end":{"line":124,"column":9}}],"line":113},"7":{"loc":{"start":{"line":131,"column":8},"end":{"line":133,"column":9}},"type":"if","locations":[{"start":{"line":131,"column":8},"end":{"line":133,"column":9}},{"start":{"line":131,"column":8},"end":{"line":133,"column":9}}],"line":131},"8":{"loc":{"start":{"line":152,"column":21},"end":{"line":156,"column":21}},"type":"cond-expr","locations":[{"start":{"line":153,"column":24},"end":{"line":153,"column":81}},{"start":{"line":155,"column":24},"end":{"line":155,"column":76}}],"line":152}},"s":{"0":0,"1":0,"2":0,"3":0,"4":0,"5":0,"6":0,"7":0,"8":0,"9":0,"10":0,"11":0,"12":0,"13":0,"14":0,"15":0,"16":0,"17":0,"18":0,"19":0,"20":0,"21":0,"22":0,"23":0,"24":0,"25":0,"26":0,"27":0,"28":0,"29":0,"30":0,"31":0,"32":0,"33":0,"34":0,"35":0,"36":0,"37":0,"38":0,"39":0,"40":0,"41":0,"42":0,"43":0,"44":0,"45":0,"46":2},"f":{"0":0,"1":0,"2":0,"3":0,"4":0,"5":0,"6":0,"7":0,"8":0,"9":0},"b":{"0":[0,0],"1":[0,0,0],"2":[0,0],"3":[0,0],"4":[0,0],"5":[0,0],"6":[0,0],"7":[0,0],"8":[0,0]},"_coverageSchema":"332fd63041d2c1bcb487cc26dd0d5f7d97098a6c","hash":"7874479078b2a4616ea35af5286af552e27c1853"}
,"C:\\Users\\Johnny\\Downloads\\461LProject\\ioDB\\web\\src\\components\\WageSalaryTable.js": {"path":"C:\\Users\\Johnny\\Downloads\\461LProject\\ioDB\\web\\src\\components\\WageSalaryTable.js","statementMap":{"0":{"start":{"line":5,"column":24},"end":{"line":14,"column":1}},"1":{"start":{"line":6,"column":22},"end":{"line":6,"column":40}},"2":{"start":{"line":8,"column":4},"end":{"line":13,"column":6}},"3":{"start":{"line":16,"column":15},"end":{"line":18,"column":1}},"4":{"start":{"line":23,"column":4},"end":{"line":76,"column":6}}},"fnMap":{"0":{"name":"(anonymous_0)","decl":{"start":{"line":5,"column":24},"end":{"line":5,"column":25}},"loc":{"start":{"line":5,"column":38},"end":{"line":14,"column":1}},"line":5},"1":{"name":"getTableData","decl":{"start":{"line":22,"column":9},"end":{"line":22,"column":21}},"loc":{"start":{"line":22,"column":28},"end":{"line":77,"column":1}},"line":22}},"branchMap":{},"s":{"0":3,"1":2,"2":2,"3":3,"4":2},"f":{"0":2,"1":2},"b":{},"_coverageSchema":"332fd63041d2c1bcb487cc26dd0d5f7d97098a6c","hash":"f1a8f773edf7eff7d029cfbe09dd163c583cdfa8"}
,"C:\\Users\\Johnny\\Downloads\\461LProject\\ioDB\\web\\src\\components\\index.js": {"path":"C:\\Users\\Johnny\\Downloads\\461LProject\\ioDB\\web\\src\\components\\index.js","statementMap":{},"fnMap":{},"branchMap":{},"s":{},"f":{},"b":{},"_coverageSchema":"332fd63041d2c1bcb487cc26dd0d5f7d97098a6c","hash":"d2093600dbbbf779bcaad1c6788652549859a7a7"}
,"C:\\Users\\Johnny\\Downloads\\461LProject\\ioDB\\web\\src\\pages\\ExampleInstance.js": {"path":"C:\\Users\\Johnny\\Downloads\\461LProject\\ioDB\\web\\src\\pages\\ExampleInstance.js","statementMap":{"0":{"start":{"line":1,"column":0},"end":{"line":null,"column":-1}},"1":{"start":{"line":2,"column":0},"end":{"line":null,"column":-1}},"2":{"start":{"line":3,"column":0},"end":{"line":null,"column":-1}},"3":{"start":{"line":5,"column":40},"end":{"line":null,"column":-1}},"4":{"start":{"line":27,"column":8},"end":{"line":null,"column":-1}},"5":{"start":{"line":28,"column":8},"end":{"line":null,"column":-1}},"6":{"start":{"line":12,"column":34},"end":{"line":11,"column":24}},"7":{"start":{"line":11,"column":24},"end":{"line":11,"column":23}},"8":{"start":{"line":13,"column":8},"end":{"line":null,"column":-1}},"9":{"start":{"line":15,"column":8},"end":{"line":null,"column":-1}},"10":{"start":{"line":16,"column":12},"end":{"line":null,"column":-1}},"11":{"start":{"line":17,"column":12},"end":{"line":null,"column":-1}},"12":{"start":{"line":20,"column":8},"end":{"line":null,"column":-1}},"13":{"start":{"line":21,"column":12},"end":{"line":null,"column":-1}},"14":{"start":{"line":23,"column":8},"end":{"line":null,"column":-1}},"15":{"start":{"line":32,"column":35},"end":{"line":31,"column":13}},"16":{"start":{"line":33,"column":8},"end":{"line":null,"column":-1}}},"fnMap":{"0":{"name":"(anonymous_0)","decl":{"start":{"line":5,"column":40},"end":{"line":null,"column":-1}},"loc":{"start":{"line":5,"column":40},"end":{"line":null,"column":-1}}},"1":{"name":"(anonymous_1)","decl":{"start":{"line":26,"column":15},"end":{"line":26,"column":28}},"loc":{"start":{"line":26,"column":33},"end":{"line":5,"column":40}}},"2":{"name":"(anonymous_2)","decl":{"start":{"line":11,"column":4},"end":{"line":11,"column":20}},"loc":{"start":{"line":11,"column":24},"end":{"line":24,"column":5}}},"3":{"name":"(anonymous_3)","decl":{"start":{"line":15,"column":46},"end":{"line":15,"column":57}},"loc":{"start":{"line":15,"column":62},"end":{"line":15,"column":8}}},"4":{"name":"(anonymous_4)","decl":{"start":{"line":20,"column":102},"end":{"line":20,"column":105}},"loc":{"start":{"line":20,"column":110},"end":{"line":20,"column":8}}},"5":{"name":"(anonymous_5)","decl":{"start":{"line":31,"column":4},"end":{"line":31,"column":9}},"loc":{"start":{"line":31,"column":13},"end":{"line":46,"column":5}}}},"branchMap":{},"s":{"0":0,"1":0,"2":0,"3":0,"4":0,"5":0,"6":0,"7":0,"8":0,"9":0,"10":0,"11":0,"12":0,"13":0,"14":0,"15":0,"16":0},"f":{"0":0,"1":0,"2":0,"3":0,"4":0,"5":0},"b":{}}
,"C:\\Users\\Johnny\\Downloads\\461LProject\\ioDB\\web\\src\\pages\\About\\AboutPage.js": {"path":"C:\\Users\\Johnny\\Downloads\\461LProject\\ioDB\\web\\src\\pages\\About\\AboutPage.js","statementMap":{"0":{"start":{"line":28,"column":24},"end":{"line":89,"column":1}},"1":{"start":{"line":90,"column":25},"end":{"line":121,"column":1}},"2":{"start":{"line":134,"column":8},"end":{"line":134,"column":32}},"3":{"start":{"line":138,"column":8},"end":{"line":138,"column":27}},"4":{"start":{"line":139,"column":8},"end":{"line":139,"column":28}},"5":{"start":{"line":140,"column":8},"end":{"line":140,"column":34}},"6":{"start":{"line":141,"column":8},"end":{"line":141,"column":44}},"7":{"start":{"line":145,"column":27},"end":{"line":145,"column":28}},"8":{"start":{"line":146,"column":20},"end":{"line":146,"column":82}},"9":{"start":{"line":150,"column":25},"end":{"line":150,"column":41}},"10":{"start":{"line":151,"column":21},"end":{"line":151,"column":42}},"11":{"start":{"line":153,"column":8},"end":{"line":159,"column":11}},"12":{"start":{"line":156,"column":29},"end":{"line":156,"column":53}},"13":{"start":{"line":157,"column":12},"end":{"line":157,"column":67}},"14":{"start":{"line":158,"column":12},"end":{"line":158,"column":46}},"15":{"start":{"line":161,"column":8},"end":{"line":161,"column":40}},"16":{"start":{"line":165,"column":26},"end":{"line":165,"column":27}},"17":{"start":{"line":166,"column":20},"end":{"line":166,"column":70}},"18":{"start":{"line":168,"column":25},"end":{"line":168,"column":41}},"19":{"start":{"line":169,"column":21},"end":{"line":169,"column":42}},"20":{"start":{"line":170,"column":8},"end":{"line":174,"column":11}},"21":{"start":{"line":171,"column":29},"end":{"line":171,"column":45}},"22":{"start":{"line":172,"column":12},"end":{"line":172,"column":48}},"23":{"start":{"line":173,"column":12},"end":{"line":173,"column":26}},"24":{"start":{"line":176,"column":8},"end":{"line":176,"column":39}},"25":{"start":{"line":180,"column":29},"end":{"line":180,"column":30}},"26":{"start":{"line":181,"column":8},"end":{"line":183,"column":11}},"27":{"start":{"line":182,"column":12},"end":{"line":182,"column":67}},"28":{"start":{"line":184,"column":8},"end":{"line":184,"column":42}},"29":{"start":{"line":188,"column":25},"end":{"line":188,"column":49}},"30":{"start":{"line":189,"column":37},"end":{"line":189,"column":47}},"31":{"start":{"line":190,"column":8},"end":{"line":190,"column":79}},"32":{"start":{"line":192,"column":8},"end":{"line":226,"column":10}},"33":{"start":{"line":198,"column":31},"end":{"line":198,"column":76}},"34":{"start":{"line":230,"column":25},"end":{"line":230,"column":27}},"35":{"start":{"line":231,"column":8},"end":{"line":242,"column":9}},"36":{"start":{"line":233,"column":12},"end":{"line":241,"column":14}},"37":{"start":{"line":243,"column":8},"end":{"line":243,"column":24}},"38":{"start":{"line":247,"column":62},"end":{"line":247,"column":72}},"39":{"start":{"line":248,"column":8},"end":{"line":317,"column":10}}},"fnMap":{"0":{"name":"(anonymous_0)","decl":{"start":{"line":133,"column":4},"end":{"line":133,"column":5}},"loc":{"start":{"line":133,"column":24},"end":{"line":135,"column":5}},"line":133},"1":{"name":"(anonymous_1)","decl":{"start":{"line":137,"column":4},"end":{"line":137,"column":5}},"loc":{"start":{"line":137,"column":23},"end":{"line":142,"column":5}},"line":137},"2":{"name":"(anonymous_2)","decl":{"start":{"line":144,"column":4},"end":{"line":144,"column":5}},"loc":{"start":{"line":144,"column":25},"end":{"line":162,"column":5}},"line":144},"3":{"name":"(anonymous_3)","decl":{"start":{"line":153,"column":21},"end":{"line":153,"column":22}},"loc":{"start":{"line":153,"column":36},"end":{"line":159,"column":9}},"line":153},"4":{"name":"(anonymous_4)","decl":{"start":{"line":164,"column":4},"end":{"line":164,"column":5}},"loc":{"start":{"line":164,"column":24},"end":{"line":177,"column":5}},"line":164},"5":{"name":"(anonymous_5)","decl":{"start":{"line":170,"column":21},"end":{"line":170,"column":22}},"loc":{"start":{"line":170,"column":30},"end":{"line":174,"column":9}},"line":170},"6":{"name":"(anonymous_6)","decl":{"start":{"line":179,"column":4},"end":{"line":179,"column":5}},"loc":{"start":{"line":179,"column":25},"end":{"line":185,"column":5}},"line":179},"7":{"name":"(anonymous_7)","decl":{"start":{"line":181,"column":37},"end":{"line":181,"column":38}},"loc":{"start":{"line":181,"column":49},"end":{"line":183,"column":9}},"line":181},"8":{"name":"(anonymous_8)","decl":{"start":{"line":187,"column":4},"end":{"line":187,"column":5}},"loc":{"start":{"line":187,"column":22},"end":{"line":227,"column":5}},"line":187},"9":{"name":"(anonymous_9)","decl":{"start":{"line":198,"column":25},"end":{"line":198,"column":26}},"loc":{"start":{"line":198,"column":31},"end":{"line":198,"column":76}},"line":198},"10":{"name":"(anonymous_10)","decl":{"start":{"line":229,"column":4},"end":{"line":229,"column":5}},"loc":{"start":{"line":229,"column":21},"end":{"line":244,"column":5}},"line":229},"11":{"name":"(anonymous_11)","decl":{"start":{"line":246,"column":4},"end":{"line":246,"column":5}},"loc":{"start":{"line":246,"column":13},"end":{"line":318,"column":5}},"line":246}},"branchMap":{},"s":{"0":1,"1":1,"2":1,"3":1,"4":1,"5":1,"6":1,"7":1,"8":1,"9":1,"10":0,"11":0,"12":0,"13":0,"14":0,"15":0,"16":1,"17":1,"18":1,"19":0,"20":0,"21":0,"22":0,"23":0,"24":0,"25":1,"26":1,"27":6,"28":1,"29":12,"30":12,"31":12,"32":12,"33":0,"34":2,"35":2,"36":4,"37":2,"38":2,"39":2},"f":{"0":1,"1":1,"2":1,"3":0,"4":1,"5":0,"6":1,"7":6,"8":12,"9":0,"10":2,"11":2},"b":{},"_coverageSchema":"332fd63041d2c1bcb487cc26dd0d5f7d97098a6c","hash":"4623734b06f4fe241f000af0340dca5164c36eba"}
,"C:\\Users\\Johnny\\Downloads\\461LProject\\ioDB\\web\\src\\pages\\App\\App.js": {"path":"C:\\Users\\Johnny\\Downloads\\461LProject\\ioDB\\web\\src\\pages\\App\\App.js","statementMap":{"0":{"start":{"line":1,"column":0},"end":{"line":null,"column":-1}},"1":{"start":{"line":2,"column":0},"end":{"line":null,"column":-1}},"2":{"start":{"line":3,"column":0},"end":{"line":null,"column":-1}},"3":{"start":{"line":4,"column":0},"end":{"line":null,"column":-1}},"4":{"start":{"line":5,"column":0},"end":{"line":null,"column":-1}},"5":{"start":{"line":6,"column":0},"end":{"line":null,"column":-1}},"6":{"start":{"line":7,"column":0},"end":{"line":null,"column":-1}},"7":{"start":{"line":8,"column":0},"end":{"line":null,"column":-1}},"8":{"start":{"line":9,"column":0},"end":{"line":null,"column":-1}},"9":{"start":{"line":10,"column":0},"end":{"line":null,"column":-1}},"10":{"start":{"line":11,"column":0},"end":{"line":null,"column":-1}},"11":{"start":{"line":15,"column":8},"end":{"line":null,"column":-1}},"12":{"start":{"line":14,"column":23},"end":{"line":null,"column":-1}},"13":{"start":{"line":25,"column":8},"end":{"line":null,"column":-1}},"14":{"start":{"line":17,"column":8},"end":{"line":null,"column":-1}},"15":{"start":{"line":18,"column":8},"end":{"line":null,"column":-1}},"16":{"start":{"line":29,"column":8},"end":{"line":null,"column":-1}},"17":{"start":{"line":33,"column":34},"end":{"line":32,"column":13}},"18":{"start":{"line":34,"column":8},"end":{"line":null,"column":-1}},"19":{"start":{"line":35,"column":8},"end":{"line":null,"column":-1}},"20":{"start":{"line":60,"column":63},"end":{"line":60,"column":24}}},"fnMap":{"0":{"name":"(anonymous_0)","decl":{"start":{"line":14,"column":4},"end":{"line":14,"column":14}},"loc":{"start":{"line":14,"column":23},"end":{"line":22,"column":5}}},"1":{"name":"(anonymous_1)","decl":{"start":{"line":24,"column":23},"end":{"line":24,"column":35}},"loc":{"start":{"line":24,"column":40},"end":{"line":14,"column":23}}},"2":{"name":"(anonymous_2)","decl":{"start":{"line":28,"column":4},"end":{"line":28,"column":9}},"loc":{"start":{"line":28,"column":13},"end":{"line":30,"column":5}}},"3":{"name":"(anonymous_3)","decl":{"start":{"line":32,"column":4},"end":{"line":32,"column":9}},"loc":{"start":{"line":32,"column":13},"end":{"line":72,"column":5}}},"4":{"name":"(anonymous_4)","decl":{"start":{"line":60,"column":54},"end":{"line":60,"column":58}},"loc":{"start":{"line":60,"column":63},"end":{"line":60,"column":24}}}},"branchMap":{},"s":{"0":0,"1":0,"2":0,"3":0,"4":0,"5":0,"6":0,"7":0,"8":0,"9":0,"10":0,"11":0,"12":0,"13":0,"14":0,"15":0,"16":0,"17":0,"18":0,"19":0,"20":0},"f":{"0":0,"1":0,"2":0,"3":0,"4":0},"b":{}}
,"C:\\Users\\Johnny\\Downloads\\461LProject\\ioDB\\web\\src\\pages\\Home\\HomePage.js": {"path":"C:\\Users\\Johnny\\Downloads\\461LProject\\ioDB\\web\\src\\pages\\Home\\HomePage.js","statementMap":{"0":{"start":{"line":1,"column":0},"end":{"line":null,"column":-1}},"1":{"start":{"line":2,"column":0},"end":{"line":null,"column":-1}},"2":{"start":{"line":3,"column":0},"end":{"line":null,"column":-1}},"3":{"start":{"line":4,"column":0},"end":{"line":null,"column":-1}},"4":{"start":{"line":8,"column":30},"end":{"line":7,"column":13}},"5":{"start":{"line":9,"column":29},"end":{"line":9,"column":8}},"6":{"start":{"line":10,"column":8},"end":{"line":null,"column":-1}}},"fnMap":{"0":{"name":"(anonymous_0)","decl":{"start":{"line":7,"column":4},"end":{"line":7,"column":9}},"loc":{"start":{"line":7,"column":13},"end":{"line":11,"column":5}}}},"branchMap":{},"s":{"0":0,"1":0,"2":0,"3":0,"4":0,"5":0,"6":0},"f":{"0":0},"b":{}}
,"C:\\Users\\Johnny\\Downloads\\461LProject\\ioDB\\web\\src\\pages\\IndustryInstance\\IndustryInstancePage.js": {"path":"C:\\Users\\Johnny\\Downloads\\461LProject\\ioDB\\web\\src\\pages\\IndustryInstance\\IndustryInstancePage.js","statementMap":{"0":{"start":{"line":17,"column":34},"end":{"line":17,"column":57}},"1":{"start":{"line":18,"column":8},"end":{"line":18,"column":38}},"2":{"start":{"line":22,"column":8},"end":{"line":31,"column":9}},"3":{"start":{"line":26,"column":12},"end":{"line":26,"column":51}},"4":{"start":{"line":27,"column":12},"end":{"line":27,"column":95}},"5":{"start":{"line":28,"column":38},"end":{"line":28,"column":60}},"6":{"start":{"line":29,"column":12},"end":{"line":29,"column":42}},"7":{"start":{"line":30,"column":12},"end":{"line":30,"column":25}},"8":{"start":{"line":32,"column":8},"end":{"line":35,"column":9}},"9":{"start":{"line":33,"column":12},"end":{"line":33,"column":76}},"10":{"start":{"line":34,"column":12},"end":{"line":34,"column":24}},"11":{"start":{"line":36,"column":8},"end":{"line":36,"column":62}},"12":{"start":{"line":37,"column":8},"end":{"line":37,"column":21}},"13":{"start":{"line":42,"column":8},"end":{"line":42,"column":64}},"14":{"start":{"line":42,"column":32},"end":{"line":42,"column":61}},"15":{"start":{"line":46,"column":8},"end":{"line":46,"column":48}},"16":{"start":{"line":47,"column":29},"end":{"line":47,"column":67}},"17":{"start":{"line":48,"column":31},"end":{"line":48,"column":96}},"18":{"start":{"line":50,"column":8},"end":{"line":54,"column":11}},"19":{"start":{"line":58,"column":30},"end":{"line":58,"column":53}},"20":{"start":{"line":59,"column":33},"end":{"line":59,"column":43}},"21":{"start":{"line":61,"column":8},"end":{"line":63,"column":9}},"22":{"start":{"line":62,"column":12},"end":{"line":62,"column":101}},"23":{"start":{"line":67,"column":8},"end":{"line":67,"column":30}},"24":{"start":{"line":68,"column":34},"end":{"line":68,"column":57}},"25":{"start":{"line":69,"column":59},"end":{"line":69,"column":69}},"26":{"start":{"line":71,"column":29},"end":{"line":79,"column":9}},"27":{"start":{"line":72,"column":12},"end":{"line":78,"column":18}},"28":{"start":{"line":80,"column":8},"end":{"line":121,"column":10}}},"fnMap":{"0":{"name":"(anonymous_0)","decl":{"start":{"line":16,"column":4},"end":{"line":16,"column":5}},"loc":{"start":{"line":16,"column":24},"end":{"line":19,"column":5}},"line":16},"1":{"name":"(anonymous_1)","decl":{"start":{"line":21,"column":4},"end":{"line":21,"column":5}},"loc":{"start":{"line":21,"column":48},"end":{"line":38,"column":5}},"line":21},"2":{"name":"(anonymous_2)","decl":{"start":{"line":41,"column":13},"end":{"line":41,"column":14}},"loc":{"start":{"line":41,"column":19},"end":{"line":43,"column":5}},"line":41},"3":{"name":"(anonymous_3)","decl":{"start":{"line":42,"column":22},"end":{"line":42,"column":23}},"loc":{"start":{"line":42,"column":32},"end":{"line":42,"column":61}},"line":42},"4":{"name":"(anonymous_4)","decl":{"start":{"line":45,"column":16},"end":{"line":45,"column":17}},"loc":{"start":{"line":45,"column":41},"end":{"line":55,"column":5}},"line":45},"5":{"name":"(anonymous_5)","decl":{"start":{"line":57,"column":33},"end":{"line":57,"column":34}},"loc":{"start":{"line":57,"column":39},"end":{"line":64,"column":5}},"line":57},"6":{"name":"(anonymous_6)","decl":{"start":{"line":66,"column":4},"end":{"line":66,"column":5}},"loc":{"start":{"line":66,"column":13},"end":{"line":122,"column":5}},"line":66},"7":{"name":"(anonymous_7)","decl":{"start":{"line":71,"column":29},"end":{"line":71,"column":30}},"loc":{"start":{"line":72,"column":12},"end":{"line":78,"column":18}},"line":72}},"branchMap":{"0":{"loc":{"start":{"line":22,"column":8},"end":{"line":31,"column":9}},"type":"if","locations":[{"start":{"line":22,"column":8},"end":{"line":31,"column":9}},{"start":{"line":22,"column":8},"end":{"line":31,"column":9}}],"line":22},"1":{"loc":{"start":{"line":23,"column":12},"end":{"line":24,"column":68}},"type":"binary-expr","locations":[{"start":{"line":23,"column":12},"end":{"line":23,"column":82}},{"start":{"line":24,"column":12},"end":{"line":24,"column":68}}],"line":23},"2":{"loc":{"start":{"line":32,"column":8},"end":{"line":35,"column":9}},"type":"if","locations":[{"start":{"line":32,"column":8},"end":{"line":35,"column":9}},{"start":{"line":32,"column":8},"end":{"line":35,"column":9}}],"line":32},"3":{"loc":{"start":{"line":61,"column":8},"end":{"line":63,"column":9}},"type":"if","locations":[{"start":{"line":61,"column":8},"end":{"line":63,"column":9}},{"start":{"line":61,"column":8},"end":{"line":63,"column":9}}],"line":61},"4":{"loc":{"start":{"line":85,"column":29},"end":{"line":91,"column":36}},"type":"cond-expr","locations":[{"start":{"line":86,"column":32},"end":{"line":90,"column":34}},{"start":{"line":91,"column":32},"end":{"line":91,"column":36}}],"line":85},"5":{"loc":{"start":{"line":93,"column":25},"end":{"line":101,"column":32}},"type":"cond-expr","locations":[{"start":{"line":94,"column":28},"end":{"line":100,"column":30}},{"start":{"line":101,"column":28},"end":{"line":101,"column":32}}],"line":93},"6":{"loc":{"start":{"line":93,"column":25},"end":{"line":93,"column":64}},"type":"binary-expr","locations":[{"start":{"line":93,"column":25},"end":{"line":93,"column":48}},{"start":{"line":93,"column":52},"end":{"line":93,"column":64}}],"line":93},"7":{"loc":{"start":{"line":105,"column":29},"end":{"line":105,"column":90}},"type":"cond-expr","locations":[{"start":{"line":105,"column":44},"end":{"line":105,"column":83}},{"start":{"line":105,"column":86},"end":{"line":105,"column":90}}],"line":105},"8":{"loc":{"start":{"line":107,"column":29},"end":{"line":116,"column":36}},"type":"cond-expr","locations":[{"start":{"line":108,"column":32},"end":{"line":115,"column":34}},{"start":{"line":116,"column":32},"end":{"line":116,"column":36}}],"line":107}},"s":{"0":0,"1":0,"2":0,"3":0,"4":0,"5":0,"6":0,"7":0,"8":0,"9":0,"10":0,"11":0,"12":0,"13":0,"14":0,"15":0,"16":0,"17":0,"18":0,"19":0,"20":0,"21":0,"22":0,"23":2,"24":2,"25":0,"26":0,"27":0,"28":0},"f":{"0":0,"1":0,"2":0,"3":0,"4":0,"5":0,"6":2,"7":0},"b":{"0":[0,0],"1":[0,0],"2":[0,0],"3":[0,0],"4":[0,0],"5":[0,0],"6":[0,0],"7":[0,0],"8":[0,0]},"_coverageSchema":"332fd63041d2c1bcb487cc26dd0d5f7d97098a6c","hash":"0bea10ccedf7dbb0c69b68acd54cfbad03695ce1"}
,"C:\\Users\\Johnny\\Downloads\\461LProject\\ioDB\\web\\src\\pages\\LocationInstance\\LocationInstancePage.js": {"path":"C:\\Users\\Johnny\\Downloads\\461LProject\\ioDB\\web\\src\\pages\\LocationInstance\\LocationInstancePage.js","statementMap":{"0":{"start":{"line":8,"column":8},"end":{"line":8,"column":21}},"1":{"start":{"line":9,"column":34},"end":{"line":9,"column":52}},"2":{"start":{"line":10,"column":8},"end":{"line":29,"column":10}},"3":{"start":{"line":31,"column":8},"end":{"line":31,"column":65}},"4":{"start":{"line":32,"column":8},"end":{"line":32,"column":61}},"5":{"start":{"line":33,"column":8},"end":{"line":33,"column":55}},"6":{"start":{"line":37,"column":29},"end":{"line":37,"column":94}},"7":{"start":{"line":46,"column":26},"end":{"line":46,"column":78}},"8":{"start":{"line":58,"column":8},"end":{"line":67,"column":11}},"9":{"start":{"line":73,"column":29},"end":{"line":73,"column":90}},"10":{"start":{"line":75,"column":24},"end":{"line":75,"column":84}},"11":{"start":{"line":83,"column":8},"end":{"line":85,"column":9}},"12":{"start":{"line":84,"column":12},"end":{"line":84,"column":24}},"13":{"start":{"line":89,"column":8},"end":{"line":97,"column":11}},"14":{"start":{"line":101,"column":8},"end":{"line":108,"column":11}},"15":{"start":{"line":112,"column":8},"end":{"line":129,"column":10}}},"fnMap":{"0":{"name":"(anonymous_0)","decl":{"start":{"line":7,"column":4},"end":{"line":7,"column":5}},"loc":{"start":{"line":7,"column":23},"end":{"line":34,"column":5}},"line":7},"1":{"name":"(anonymous_1)","decl":{"start":{"line":36,"column":4},"end":{"line":36,"column":5}},"loc":{"start":{"line":36,"column":43},"end":{"line":70,"column":5}},"line":36},"2":{"name":"(anonymous_2)","decl":{"start":{"line":72,"column":4},"end":{"line":72,"column":5}},"loc":{"start":{"line":72,"column":41},"end":{"line":98,"column":5}},"line":72},"3":{"name":"(anonymous_3)","decl":{"start":{"line":100,"column":4},"end":{"line":100,"column":5}},"loc":{"start":{"line":100,"column":18},"end":{"line":109,"column":5}},"line":100},"4":{"name":"(anonymous_4)","decl":{"start":{"line":111,"column":4},"end":{"line":111,"column":5}},"loc":{"start":{"line":111,"column":13},"end":{"line":130,"column":5}},"line":111}},"branchMap":{"0":{"loc":{"start":{"line":83,"column":8},"end":{"line":85,"column":9}},"type":"if","locations":[{"start":{"line":83,"column":8},"end":{"line":85,"column":9}},{"start":{"line":83,"column":8},"end":{"line":85,"column":9}}],"line":83},"1":{"loc":{"start":{"line":122,"column":17},"end":{"line":124,"column":24}},"type":"cond-expr","locations":[{"start":{"line":123,"column":20},"end":{"line":123,"column":111}},{"start":{"line":124,"column":20},"end":{"line":124,"column":24}}],"line":122},"2":{"loc":{"start":{"line":125,"column":17},"end":{"line":127,"column":24}},"type":"cond-expr","locations":[{"start":{"line":126,"column":20},"end":{"line":126,"column":112}},{"start":{"line":127,"column":20},"end":{"line":127,"column":24}}],"line":125}},"s":{"0":2,"1":2,"2":0,"3":0,"4":0,"5":0,"6":0,"7":0,"8":0,"9":0,"10":0,"11":0,"12":0,"13":0,"14":0,"15":0},"f":{"0":2,"1":0,"2":0,"3":0,"4":0},"b":{"0":[0,0],"1":[0,0],"2":[0,0]},"_coverageSchema":"332fd63041d2c1bcb487cc26dd0d5f7d97098a6c","hash":"05594e527380e443feebc9db99f58e7b1baf924c"}
,"C:\\Users\\Johnny\\Downloads\\461LProject\\ioDB\\web\\src\\pages\\New Page\\NewPage.js": {"path":"C:\\Users\\Johnny\\Downloads\\461LProject\\ioDB\\web\\src\\pages\\New Page\\NewPage.js","statementMap":{"0":{"start":{"line":1,"column":0},"end":{"line":null,"column":-1}},"1":{"start":{"line":2,"column":0},"end":{"line":null,"column":-1}},"2":{"start":{"line":6,"column":8},"end":{"line":null,"column":-1}}},"fnMap":{"0":{"name":"(anonymous_0)","decl":{"start":{"line":5,"column":4},"end":{"line":5,"column":9}},"loc":{"start":{"line":5,"column":13},"end":{"line":11,"column":5}}}},"branchMap":{},"s":{"0":0,"1":0,"2":0},"f":{"0":0},"b":{}}
,"C:\\Users\\Johnny\\Downloads\\461LProject\\ioDB\\web\\src\\pages\\OccupationInstance\\OccupationInstancePage.js": {"path":"C:\\Users\\Johnny\\Downloads\\461LProject\\ioDB\\web\\src\\pages\\OccupationInstance\\OccupationInstancePage.js","statementMap":{"0":{"start":{"line":1,"column":0},"end":{"line":null,"column":-1}},"1":{"start":{"line":2,"column":0},"end":{"line":null,"column":-1}},"2":{"start":{"line":3,"column":0},"end":{"line":null,"column":-1}},"3":{"start":{"line":4,"column":0},"end":{"line":null,"column":-1}},"4":{"start":{"line":5,"column":0},"end":{"line":null,"column":-1}},"5":{"start":{"line":6,"column":0},"end":{"line":null,"column":-1}},"6":{"start":{"line":7,"column":0},"end":{"line":null,"column":-1}},"7":{"start":{"line":8,"column":0},"end":{"line":null,"column":-1}},"8":{"start":{"line":9,"column":0},"end":{"line":null,"column":-1}},"9":{"start":{"line":16,"column":25},"end":{"line":16,"column":4}},"10":{"start":{"line":17,"column":4},"end":{"line":null,"column":-1}},"11":{"start":{"line":18,"column":4},"end":{"line":null,"column":-1}},"12":{"start":{"line":19,"column":8},"end":{"line":21,"column":9}},"13":{"start":{"line":20,"column":12},"end":{"line":null,"column":-1}},"14":{"start":{"line":23,"column":4},"end":{"line":null,"column":-1}},"15":{"start":{"line":28,"column":23},"end":{"line":28,"column":4}},"16":{"start":{"line":31,"column":27},"end":{"line":31,"column":4}},"17":{"start":{"line":33,"column":4},"end":{"line":26,"column":41}},"18":{"start":{"line":34,"column":8},"end":{"line":42,"column":9}},"19":{"start":{"line":36,"column":27},"end":{"line":36,"column":12}},"20":{"start":{"line":37,"column":12},"end":{"line":null,"column":-1}},"21":{"start":{"line":39,"column":26},"end":{"line":39,"column":12}},"22":{"start":{"line":40,"column":27},"end":{"line":40,"column":12}},"23":{"start":{"line":41,"column":12},"end":{"line":null,"column":-1}},"24":{"start":{"line":45,"column":4},"end":{"line":null,"column":-1}},"25":{"start":{"line":47,"column":4},"end":{"line":null,"column":-1}},"26":{"start":{"line":53,"column":8},"end":{"line":null,"column":-1}},"27":{"start":{"line":52,"column":23},"end":{"line":null,"column":-1}},"28":{"start":{"line":168,"column":44},"end":{"line":167,"column":27}},"29":{"start":{"line":167,"column":27},"end":{"line":167,"column":26}},"30":{"start":{"line":169,"column":8},"end":{"line":null,"column":-1}},"31":{"start":{"line":171,"column":8},"end":{"line":184,"column":9}},"32":{"start":{"line":172,"column":31},"end":{"line":172,"column":12}},"33":{"start":{"line":173,"column":12},"end":{"line":null,"column":-1}},"34":{"start":{"line":175,"column":12},"end":{"line":null,"column":-1}},"35":{"start":{"line":176,"column":16},"end":{"line":null,"column":-1}},"36":{"start":{"line":177,"column":16},"end":{"line":null,"column":-1}},"37":{"start":{"line":180,"column":12},"end":{"line":null,"column":-1}},"38":{"start":{"line":181,"column":16},"end":{"line":null,"column":-1}},"39":{"start":{"line":182,"column":16},"end":{"line":null,"column":-1}},"40":{"start":{"line":189,"column":8},"end":{"line":null,"column":-1}},"41":{"start":{"line":190,"column":31},"end":{"line":190,"column":8}},"42":{"start":{"line":192,"column":29},"end":{"line":192,"column":8}},"43":{"start":{"line":194,"column":8},"end":{"line":null,"column":-1}},"44":{"start":{"line":204,"column":8},"end":{"line":null,"column":-1}},"45":{"start":{"line":204,"column":32},"end":{"line":204,"column":27}},"46":{"start":{"line":208,"column":34},"end":{"line":207,"column":25}},"47":{"start":{"line":207,"column":25},"end":{"line":207,"column":24}},"48":{"start":{"line":210,"column":35},"end":{"line":207,"column":25}},"49":{"start":{"line":212,"column":8},"end":{"line":236,"column":9}},"50":{"start":{"line":213,"column":12},"end":{"line":null,"column":-1}},"51":{"start":{"line":54,"column":8},"end":{"line":null,"column":-1}},"52":{"start":{"line":65,"column":34},"end":{"line":64,"column":24}},"53":{"start":{"line":64,"column":24},"end":{"line":64,"column":23}},"54":{"start":{"line":66,"column":8},"end":{"line":null,"column":-1}},"55":{"start":{"line":67,"column":8},"end":{"line":null,"column":-1}},"56":{"start":{"line":74,"column":8},"end":{"line":null,"column":-1}},"57":{"start":{"line":75,"column":12},"end":{"line":null,"column":-1}},"58":{"start":{"line":79,"column":31},"end":{"line":79,"column":12}},"59":{"start":{"line":80,"column":12},"end":{"line":null,"column":-1}},"60":{"start":{"line":81,"column":12},"end":{"line":null,"column":-1}},"61":{"start":{"line":82,"column":12},"end":{"line":74,"column":29}},"62":{"start":{"line":85,"column":12},"end":{"line":null,"column":-1}},"63":{"start":{"line":103,"column":26},"end":{"line":103,"column":12}},"64":{"start":{"line":108,"column":16},"end":{"line":null,"column":-1}},"65":{"start":{"line":111,"column":12},"end":{"line":null,"column":-1}},"66":{"start":{"line":112,"column":16},"end":{"line":null,"column":-1}},"67":{"start":{"line":113,"column":33},"end":{"line":113,"column":16}},"68":{"start":{"line":117,"column":33},"end":{"line":117,"column":16}},"69":{"start":{"line":121,"column":16},"end":{"line":132,"column":17}},"70":{"start":{"line":122,"column":38},"end":{"line":122,"column":20}},"71":{"start":{"line":123,"column":20},"end":{"line":null,"column":-1}},"72":{"start":{"line":128,"column":20},"end":{"line":null,"column":-1}},"73":{"start":{"line":134,"column":12},"end":{"line":null,"column":-1}},"74":{"start":{"line":135,"column":16},"end":{"line":null,"column":-1}},"75":{"start":{"line":136,"column":16},"end":{"line":null,"column":-1}},"76":{"start":{"line":138,"column":12},"end":{"line":null,"column":-1}},"77":{"start":{"line":143,"column":8},"end":{"line":152,"column":9}},"78":{"start":{"line":147,"column":12},"end":{"line":null,"column":-1}},"79":{"start":{"line":148,"column":12},"end":{"line":null,"column":-1}},"80":{"start":{"line":149,"column":38},"end":{"line":146,"column":10}},"81":{"start":{"line":146,"column":10},"end":{"line":146,"column":9}},"82":{"start":{"line":150,"column":12},"end":{"line":null,"column":-1}},"83":{"start":{"line":151,"column":12},"end":{"line":null,"column":-1}},"84":{"start":{"line":153,"column":8},"end":{"line":156,"column":9}},"85":{"start":{"line":154,"column":12},"end":{"line":null,"column":-1}},"86":{"start":{"line":155,"column":12},"end":{"line":null,"column":-1}},"87":{"start":{"line":157,"column":8},"end":{"line":null,"column":-1}},"88":{"start":{"line":158,"column":8},"end":{"line":null,"column":-1}},"89":{"start":{"line":162,"column":8},"end":{"line":164,"column":9}},"90":{"start":{"line":163,"column":12},"end":{"line":null,"column":-1}},"91":{"start":{"line":240,"column":8},"end":{"line":null,"column":-1}},"92":{"start":{"line":241,"column":34},"end":{"line":239,"column":13}},"93":{"start":{"line":239,"column":13},"end":{"line":239,"column":12}},"94":{"start":{"line":242,"column":59},"end":{"line":239,"column":13}},"95":{"start":{"line":244,"column":8},"end":{"line":null,"column":-1}},"96":{"start":{"line":272,"column":45},"end":{"line":272,"column":28}}},"fnMap":{"0":{"name":"getMaxLocQuotient","decl":{"start":{"line":15,"column":9},"end":{"line":15,"column":0}},"loc":{"start":{"line":15,"column":41},"end":{"line":24,"column":1}}},"1":{"name":"(anonymous_1)","decl":{"start":{"line":18,"column":25},"end":{"line":18,"column":33}},"loc":{"start":{"line":18,"column":38},"end":{"line":18,"column":4}}},"2":{"name":"createHeatMapping","decl":{"start":{"line":26,"column":9},"end":{"line":26,"column":0}},"loc":{"start":{"line":26,"column":41},"end":{"line":48,"column":1}}},"3":{"name":"(anonymous_3)","decl":{"start":{"line":33,"column":25},"end":{"line":33,"column":33}},"loc":{"start":{"line":33,"column":38},"end":{"line":33,"column":4}}},"4":{"name":"(anonymous_4)","decl":{"start":{"line":52,"column":4},"end":{"line":52,"column":14}},"loc":{"start":{"line":52,"column":23},"end":{"line":62,"column":5}}},"5":{"name":"(anonymous_5)","decl":{"start":{"line":167,"column":21},"end":{"line":167,"column":26}},"loc":{"start":{"line":167,"column":27},"end":{"line":52,"column":23}}},"6":{"name":"(anonymous_6)","decl":{"start":{"line":175,"column":23},"end":{"line":175,"column":33}},"loc":{"start":{"line":175,"column":34},"end":{"line":175,"column":22}}},"7":{"name":"(anonymous_7)","decl":{"start":{"line":180,"column":23},"end":{"line":180,"column":33}},"loc":{"start":{"line":180,"column":34},"end":{"line":180,"column":22}}},"8":{"name":"(anonymous_8)","decl":{"start":{"line":187,"column":16},"end":{"line":187,"column":22}},"loc":{"start":{"line":187,"column":41},"end":{"line":52,"column":23}}},"9":{"name":"(anonymous_9)","decl":{"start":{"line":203,"column":13},"end":{"line":203,"column":18}},"loc":{"start":{"line":203,"column":19},"end":{"line":52,"column":23}}},"10":{"name":"(anonymous_10)","decl":{"start":{"line":204,"column":22},"end":{"line":204,"column":26}},"loc":{"start":{"line":204,"column":32},"end":{"line":204,"column":27}}},"11":{"name":"(anonymous_11)","decl":{"start":{"line":207,"column":19},"end":{"line":207,"column":24}},"loc":{"start":{"line":207,"column":25},"end":{"line":52,"column":23}}},"12":{"name":"(anonymous_12)","decl":{"start":{"line":64,"column":4},"end":{"line":64,"column":20}},"loc":{"start":{"line":64,"column":24},"end":{"line":140,"column":5}}},"13":{"name":"(anonymous_13)","decl":{"start":{"line":74,"column":23},"end":{"line":74,"column":28}},"loc":{"start":{"line":74,"column":29},"end":{"line":74,"column":8}}},"14":{"name":"checkEmpty","decl":{"start":{"line":107,"column":21},"end":{"line":107,"column":12}},"loc":{"start":{"line":107,"column":38},"end":{"line":109,"column":13}}},"15":{"name":"(anonymous_15)","decl":{"start":{"line":111,"column":32},"end":{"line":111,"column":40}},"loc":{"start":{"line":111,"column":44},"end":{"line":111,"column":12}}},"16":{"name":"(anonymous_16)","decl":{"start":{"line":134,"column":33},"end":{"line":134,"column":43}},"loc":{"start":{"line":134,"column":44},"end":{"line":134,"column":12}}},"17":{"name":"(anonymous_17)","decl":{"start":{"line":142,"column":4},"end":{"line":142,"column":24}},"loc":{"start":{"line":142,"column":48},"end":{"line":159,"column":5}}},"18":{"name":"(anonymous_18)","decl":{"start":{"line":161,"column":4},"end":{"line":161,"column":21}},"loc":{"start":{"line":161,"column":45},"end":{"line":165,"column":5}}},"19":{"name":"(anonymous_19)","decl":{"start":{"line":239,"column":4},"end":{"line":239,"column":9}},"loc":{"start":{"line":239,"column":13},"end":{"line":291,"column":5}}},"20":{"name":"(anonymous_20)","decl":{"start":{"line":272,"column":38},"end":{"line":272,"column":39}},"loc":{"start":{"line":272,"column":45},"end":{"line":272,"column":28}}}},"branchMap":{"0":{"loc":{"start":{"line":19,"column":8},"end":{"line":21,"column":9}},"type":"if","locations":[{"start":{"line":19,"column":8},"end":{"line":21,"column":9}},{"start":{"line":19,"column":8},"end":{"line":21,"column":9}}]},"1":{"loc":{"start":{"line":34,"column":8},"end":{"line":42,"column":9}},"type":"if","locations":[{"start":{"line":34,"column":8},"end":{"line":42,"column":9}},{"start":{"line":34,"column":8},"end":{"line":42,"column":9}}]},"2":{"loc":{"start":{"line":171,"column":8},"end":{"line":184,"column":9}},"type":"if","locations":[{"start":{"line":171,"column":8},"end":{"line":184,"column":9}},{"start":{"line":171,"column":8},"end":{"line":184,"column":9}}]},"3":{"loc":{"start":{"line":171,"column":12},"end":{"line":171,"column":21}},"type":"binary-expr","locations":[{"start":{"line":171,"column":12},"end":{"line":171,"column":21}},{"start":{"line":171,"column":25},"end":{"line":171,"column":8}}]},"4":{"loc":{"start":{"line":212,"column":8},"end":{"line":236,"column":9}},"type":"if","locations":[{"start":{"line":212,"column":8},"end":{"line":236,"column":9}},{"start":{"line":212,"column":8},"end":{"line":236,"column":9}}]},"5":{"loc":{"start":{"line":108,"column":23},"end":{"line":108,"column":27}},"type":"binary-expr","locations":[{"start":{"line":108,"column":23},"end":{"line":108,"column":27}},{"start":{"line":108,"column":31},"end":{"line":108,"column":16}}]},"6":{"loc":{"start":{"line":121,"column":16},"end":{"line":132,"column":17}},"type":"if","locations":[{"start":{"line":121,"column":16},"end":{"line":132,"column":17}},{"start":{"line":121,"column":16},"end":{"line":132,"column":17}}]},"7":{"loc":{"start":{"line":143,"column":8},"end":{"line":152,"column":9}},"type":"if","locations":[{"start":{"line":143,"column":8},"end":{"line":152,"column":9}},{"start":{"line":143,"column":8},"end":{"line":152,"column":9}}]},"8":{"loc":{"start":{"line":144,"column":12},"end":{"line":144,"column":11}},"type":"binary-expr","locations":[{"start":{"line":144,"column":12},"end":{"line":144,"column":11}},{"start":{"line":145,"column":12},"end":{"line":143,"column":8}}]},"9":{"loc":{"start":{"line":153,"column":8},"end":{"line":156,"column":9}},"type":"if","locations":[{"start":{"line":153,"column":8},"end":{"line":156,"column":9}},{"start":{"line":153,"column":8},"end":{"line":156,"column":9}}]},"10":{"loc":{"start":{"line":153,"column":12},"end":{"line":153,"column":11}},"type":"binary-expr","locations":[{"start":{"line":153,"column":12},"end":{"line":153,"column":11}},{"start":{"line":153,"column":38},"end":{"line":153,"column":8}}]},"11":{"loc":{"start":{"line":162,"column":8},"end":{"line":164,"column":9}},"type":"if","locations":[{"start":{"line":162,"column":8},"end":{"line":164,"column":9}},{"start":{"line":162,"column":8},"end":{"line":164,"column":9}}]},"12":{"loc":{"start":{"line":162,"column":12},"end":{"line":162,"column":11}},"type":"binary-expr","locations":[{"start":{"line":162,"column":12},"end":{"line":162,"column":11}},{"start":{"line":162,"column":36},"end":{"line":162,"column":8}}]},"13":{"loc":{"start":{"line":250,"column":32},"end":{"line":249,"column":43}},"type":"cond-expr","locations":[{"start":{"line":250,"column":32},"end":{"line":249,"column":43}},{"start":{"line":255,"column":32},"end":{"line":248,"column":24}}]},"14":{"loc":{"start":{"line":258,"column":28},"end":{"line":257,"column":25}},"type":"cond-expr","locations":[{"start":{"line":258,"column":28},"end":{"line":257,"column":25}},{"start":{"line":265,"column":28},"end":{"line":247,"column":20}}]},"15":{"loc":{"start":{"line":257,"column":25},"end":{"line":257,"column":51}},"type":"binary-expr","locations":[{"start":{"line":257,"column":25},"end":{"line":257,"column":51}},{"start":{"line":257,"column":52},"end":{"line":257,"column":25}}]},"16":{"loc":{"start":{"line":269,"column":46},"end":{"line":269,"column":43}},"type":"cond-expr","locations":[{"start":{"line":269,"column":46},"end":{"line":269,"column":43}},{"start":{"line":269,"column":90},"end":{"line":267,"column":24}}]},"17":{"loc":{"start":{"line":271,"column":51},"end":{"line":271,"column":48}},"type":"cond-expr","locations":[{"start":{"line":271,"column":51},"end":{"line":271,"column":48}},{"start":{"line":271,"column":104},"end":{"line":271,"column":28}}]}},"s":{"0":0,"1":0,"2":0,"3":0,"4":0,"5":0,"6":0,"7":0,"8":0,"9":0,"10":0,"11":0,"12":0,"13":0,"14":0,"15":0,"16":0,"17":0,"18":0,"19":0,"20":0,"21":0,"22":0,"23":0,"24":0,"25":0,"26":0,"27":0,"28":0,"29":0,"30":0,"31":0,"32":0,"33":0,"34":0,"35":0,"36":0,"37":0,"38":0,"39":0,"40":0,"41":0,"42":0,"43":0,"44":0,"45":0,"46":0,"47":0,"48":0,"49":0,"50":0,"51":0,"52":0,"53":0,"54":0,"55":0,"56":0,"57":0,"58":0,"59":0,"60":0,"61":0,"62":0,"63":0,"64":0,"65":0,"66":0,"67":0,"68":0,"69":0,"70":0,"71":0,"72":0,"73":0,"74":0,"75":0,"76":0,"77":0,"78":0,"79":0,"80":0,"81":0,"82":0,"83":0,"84":0,"85":0,"86":0,"87":0,"88":0,"89":0,"90":0,"91":0,"92":0,"93":0,"94":0,"95":0,"96":0},"f":{"0":0,"1":0,"2":0,"3":0,"4":0,"5":0,"6":0,"7":0,"8":0,"9":0,"10":0,"11":0,"12":0,"13":0,"14":0,"15":0,"16":0,"17":0,"18":0,"19":0,"20":0},"b":{"0":[0,0],"1":[0,0],"2":[0,0],"3":[0,0],"4":[0,0],"5":[0,0],"6":[0,0],"7":[0,0],"8":[0,0],"9":[0,0],"10":[0,0],"11":[0,0],"12":[0,0],"13":[0,0],"14":[0,0],"15":[0,0],"16":[0,0],"17":[0,0]}}
,"C:\\Users\\Johnny\\Downloads\\461LProject\\ioDB\\web\\src\\pages\\Test\\CheckboxWithLabel.js": {"path":"C:\\Users\\Johnny\\Downloads\\461LProject\\ioDB\\web\\src\\pages\\Test\\CheckboxWithLabel.js","statementMap":{"0":{"start":{"line":5,"column":8},"end":{"line":5,"column":21}},"1":{"start":{"line":6,"column":8},"end":{"line":6,"column":42}},"2":{"start":{"line":10,"column":8},"end":{"line":10,"column":49}},"3":{"start":{"line":14,"column":8},"end":{"line":14,"column":60}},"4":{"start":{"line":18,"column":8},"end":{"line":23,"column":10}}},"fnMap":{"0":{"name":"(anonymous_0)","decl":{"start":{"line":4,"column":4},"end":{"line":4,"column":5}},"loc":{"start":{"line":4,"column":23},"end":{"line":11,"column":5}},"line":4},"1":{"name":"(anonymous_1)","decl":{"start":{"line":13,"column":4},"end":{"line":13,"column":5}},"loc":{"start":{"line":13,"column":15},"end":{"line":15,"column":5}},"line":13},"2":{"name":"(anonymous_2)","decl":{"start":{"line":17,"column":4},"end":{"line":17,"column":5}},"loc":{"start":{"line":17,"column":13},"end":{"line":24,"column":5}},"line":17}},"branchMap":{"0":{"loc":{"start":{"line":21,"column":17},"end":{"line":21,"column":80}},"type":"cond-expr","locations":[{"start":{"line":21,"column":40},"end":{"line":21,"column":58}},{"start":{"line":21,"column":61},"end":{"line":21,"column":80}}],"line":21}},"s":{"0":1,"1":1,"2":1,"3":1,"4":2},"f":{"0":1,"1":1,"2":2},"b":{"0":[1,1]},"_coverageSchema":"332fd63041d2c1bcb487cc26dd0d5f7d97098a6c","hash":"024466c15735b500dfcbf1bbe24f4b35c02f583c"}
}
