TN:
SF:C:\Users\Johnny\Downloads\461LProject\ioDB\web\src\constants.js
FN:26,getJoinedTablename
FNF:1
FNH:0
FNDA:0,getJoinedTablename
DA:1,2
DA:3,2
DA:9,2
DA:17,2
DA:27,0
DA:28,0
DA:29,0
DA:30,0
DA:32,0
DA:35,2
DA:70,2
DA:78,2
DA:87,2
DA:96,2
DA:105,2
DA:111,2
LF:16
LH:11
BRDA:29,0,0,0
BRDA:29,0,1,0
BRF:2
BRH:0
end_of_record
TN:
SF:C:\Users\Johnny\Downloads\461LProject\ioDB\web\src\fetchAPI.js
FN:4,fetchListData
FN:17,fetchInstanceData
FN:30,fetchTopTenData
FN:43,fetchJoinedInstanceData
FN:58,fetchJoinedTopTenData
FNF:5
FNH:0
FNDA:0,fetchListData
FNDA:0,fetchInstanceData
FNDA:0,fetchTopTenData
FNDA:0,fetchJoinedInstanceData
FNDA:0,fetchJoinedTopTenData
DA:5,0
DA:6,0
DA:7,0
DA:8,0
DA:9,0
DA:10,0
DA:11,0
DA:13,0
DA:18,0
DA:19,0
DA:20,0
DA:21,0
DA:22,0
DA:23,0
DA:24,0
DA:26,0
DA:31,0
DA:32,0
DA:33,0
DA:34,0
DA:35,0
DA:36,0
DA:37,0
DA:39,0
DA:44,0
DA:45,0
DA:46,0
DA:47,0
DA:48,0
DA:49,0
DA:50,0
DA:51,0
DA:52,0
DA:54,0
DA:59,0
DA:60,0
DA:61,0
DA:62,0
DA:63,0
DA:64,0
DA:65,0
DA:66,0
DA:67,0
DA:69,0
LF:44
LH:0
BRF:0
BRH:0
end_of_record
TN:
SF:C:\Users\Johnny\Downloads\461LProject\ioDB\web\src\index.js
FNF:0
FNH:0
DA:1,0
DA:2,0
DA:3,0
DA:4,0
DA:5,0
DA:6,0
DA:13,0
LF:7
LH:0
BRF:0
BRH:0
end_of_record
TN:
SF:C:\Users\Johnny\Downloads\461LProject\ioDB\web\src\serviceWorker.js
FN:21,register
FN:32,(anonymous_1)
FN:41,(anonymous_2)
FN:55,registerValidSW
FN:58,(anonymous_4)
FN:59,(anonymous_5)
FN:64,(anonymous_6)
FN:94,(anonymous_7)
FN:99,checkValidServiceWorker
FN:102,(anonymous_9)
FN:107,(anonymous_10)
FN:108,(anonymous_11)
FN:117,(anonymous_12)
FN:122,unregister
FN:124,(anonymous_14)
FNF:15
FNH:0
FNDA:0,register
FNDA:0,(anonymous_1)
FNDA:0,(anonymous_2)
FNDA:0,registerValidSW
FNDA:0,(anonymous_4)
FNDA:0,(anonymous_5)
FNDA:0,(anonymous_6)
FNDA:0,(anonymous_7)
FNDA:0,checkValidServiceWorker
FNDA:0,(anonymous_9)
FNDA:0,(anonymous_10)
FNDA:0,(anonymous_11)
FNDA:0,(anonymous_12)
FNDA:0,unregister
FNDA:0,(anonymous_14)
DA:13,0
DA:22,0
DA:24,0
DA:25,0
DA:29,0
DA:32,0
DA:33,0
DA:35,0
DA:37,0
DA:41,0
DA:42,0
DA:49,0
DA:56,0
DA:59,0
DA:60,0
DA:61,0
DA:62,0
DA:64,0
DA:65,0
DA:66,0
DA:70,0
DA:76,0
DA:77,0
DA:83,0
DA:86,0
DA:87,0
DA:95,0
DA:101,0
DA:104,0
DA:105,0
DA:107,0
DA:108,0
DA:109,0
DA:114,0
DA:118,0
DA:123,0
DA:124,0
DA:125,0
LF:38
LH:0
BRDA:14,0,0,0
BRDA:14,0,1,0
BRDA:14,0,2,0
BRDA:22,1,0,0
BRDA:22,1,1,0
BRDA:22,2,0,0
BRDA:22,2,1,0
BRDA:25,3,0,0
BRDA:25,3,1,0
BRDA:35,4,0,0
BRDA:35,4,1,0
BRDA:61,5,0,0
BRDA:61,5,1,0
BRDA:65,6,0,0
BRDA:65,6,1,0
BRDA:66,7,0,0
BRDA:66,7,1,0
BRDA:76,8,0,0
BRDA:76,8,1,0
BRDA:76,9,0,0
BRDA:76,9,1,0
BRDA:86,10,0,0
BRDA:86,10,1,0
BRDA:86,11,0,0
BRDA:86,11,1,0
BRDA:105,12,0,0
BRDA:105,12,1,0
BRDA:105,13,0,0
BRDA:105,13,1,0
BRDA:105,13,2,0
BRDA:123,14,0,0
BRDA:123,14,1,0
BRF:32
BRH:0
end_of_record
TN:
SF:C:\Users\Johnny\Downloads\461LProject\ioDB\web\src\setupTests.js
FNF:0
FNH:0
LF:0
LH:0
BRF:0
BRH:0
end_of_record
TN:
SF:C:\Users\Johnny\Downloads\461LProject\ioDB\web\src\components\CountryMap.js
FN:22,(anonymous_0)
FN:63,(anonymous_1)
FN:73,(anonymous_2)
FN:103,(anonymous_3)
FN:115,(anonymous_4)
FN:121,(anonymous_5)
FN:137,(anonymous_6)
FN:150,(anonymous_7)
FN:151,(anonymous_8)
FN:207,(anonymous_9)
FN:208,(anonymous_10)
FNF:11
FNH:0
FNDA:0,(anonymous_0)
FNDA:0,(anonymous_1)
FNDA:0,(anonymous_2)
FNDA:0,(anonymous_3)
FNDA:0,(anonymous_4)
FNDA:0,(anonymous_5)
FNDA:0,(anonymous_6)
FNDA:0,(anonymous_7)
FNDA:0,(anonymous_8)
FNDA:0,(anonymous_9)
FNDA:0,(anonymous_10)
DA:10,1
DA:23,0
DA:24,0
DA:44,0
DA:45,0
DA:46,0
DA:47,0
DA:64,0
DA:70,0
DA:74,0
DA:75,0
DA:76,0
DA:78,0
DA:79,0
DA:80,0
DA:81,0
DA:83,0
DA:84,0
DA:85,0
DA:86,0
DA:88,0
DA:89,0
DA:100,0
DA:104,0
DA:105,0
DA:112,0
DA:116,0
DA:122,0
DA:138,0
DA:151,0
DA:152,0
DA:156,0
DA:158,0
DA:208,0
DA:209,0
DA:214,0
DA:216,0
DA:220,0
DA:222,0
LF:39
LH:1
BRDA:27,0,0,0
BRDA:27,0,1,0
BRDA:28,1,0,0
BRDA:28,1,1,0
BRDA:78,2,0,0
BRDA:78,2,1,0
BRDA:80,3,0,0
BRDA:80,3,1,0
BRDA:152,4,0,0
BRDA:152,4,1,0
BRDA:153,5,0,0
BRDA:153,5,1,0
BRDA:164,6,0,0
BRDA:164,6,1,0
BRDA:164,7,0,0
BRDA:164,7,1,0
BRDA:170,8,0,0
BRDA:170,8,1,0
BRDA:170,9,0,0
BRDA:170,9,1,0
BRDA:209,10,0,0
BRDA:209,10,1,0
BRDA:216,11,0,0
BRDA:216,11,1,0
BRDA:217,12,0,0
BRDA:217,12,1,0
BRF:26
BRH:0
end_of_record
TN:
SF:C:\Users\Johnny\Downloads\461LProject\ioDB\web\src\components\DetailedInstanceList.js
FN:16,renderInstanceLinks
FN:19,(anonymous_1)
FN:26,(anonymous_2)
FNF:3
FNH:0
FNDA:0,renderInstanceLinks
FNDA:0,(anonymous_1)
FNDA:0,(anonymous_2)
DA:17,0
DA:18,0
DA:19,0
DA:20,0
DA:26,2
DA:27,0
DA:28,0
DA:29,0
DA:55,2
LF:9
LH:2
BRF:0
BRH:0
end_of_record
TN:
SF:C:\Users\Johnny\Downloads\461LProject\ioDB\web\src\components\InstanceInfo.js
FN:5,(anonymous_0)
FNF:1
FNH:1
FNDA:2,(anonymous_0)
DA:5,3
DA:6,2
DA:7,2
DA:23,3
LF:4
LH:4
BRDA:13,0,0,0
BRDA:13,0,1,2
BRF:2
BRH:1
end_of_record
TN:
SF:C:\Users\Johnny\Downloads\461LProject\ioDB\web\src\components\LocationData.js
FN:11,(anonymous_0)
FN:16,(anonymous_1)
FNF:2
FNH:0
FNDA:0,(anonymous_0)
FNDA:0,(anonymous_1)
DA:12,0
DA:13,0
DA:17,0
DA:18,0
LF:4
LH:0
BRF:0
BRH:0
end_of_record
TN:
SF:C:\Users\Johnny\Downloads\461LProject\ioDB\web\src\components\NewComponent.js
FN:3,(anonymous_0)
FNF:1
FNH:0
FNDA:0,(anonymous_0)
DA:3,2
DA:4,0
DA:9,2
LF:3
LH:2
BRF:0
BRH:0
end_of_record
TN:
SF:C:\Users\Johnny\Downloads\461LProject\ioDB\web\src\components\RoutingSearchBar.js
FN:15,(anonymous_0)
FN:22,(anonymous_1)
FN:26,(anonymous_2)
FN:33,(anonymous_3)
FN:42,(anonymous_4)
FN:43,(anonymous_5)
FN:48,(anonymous_6)
FN:60,(anonymous_7)
FN:61,(anonymous_8)
FN:72,(anonymous_9)
FN:73,(anonymous_10)
FNF:11
FNH:0
FNDA:0,(anonymous_0)
FNDA:0,(anonymous_1)
FNDA:0,(anonymous_2)
FNDA:0,(anonymous_3)
FNDA:0,(anonymous_4)
FNDA:0,(anonymous_5)
FNDA:0,(anonymous_6)
FNDA:0,(anonymous_7)
FNDA:0,(anonymous_8)
FNDA:0,(anonymous_9)
FNDA:0,(anonymous_10)
DA:16,0
DA:17,0
DA:18,0
DA:19,0
DA:23,0
DA:27,0
DA:28,0
DA:29,0
DA:30,0
DA:34,0
DA:35,0
DA:36,0
DA:37,0
DA:38,0
DA:43,0
DA:44,0
DA:49,0
DA:50,0
DA:51,0
DA:60,0
DA:61,0
DA:72,0
DA:73,0
DA:89,2
DA:98,2
LF:25
LH:2
BRDA:35,0,0,0
BRDA:35,0,1,0
BRF:2
BRH:0
end_of_record
TN:
SF:C:\Users\Johnny\Downloads\461LProject\ioDB\web\src\components\TopTenWidget.js
FN:16,(anonymous_0)
FN:20,(anonymous_1)
FN:31,(anonymous_2)
FN:41,(anonymous_3)
FN:49,(anonymous_4)
FN:102,(anonymous_5)
FN:108,(anonymous_6)
FN:115,(anonymous_7)
FN:120,(anonymous_8)
FN:127,(anonymous_9)
FNF:10
FNH:0
FNDA:0,(anonymous_0)
FNDA:0,(anonymous_1)
FNDA:0,(anonymous_2)
FNDA:0,(anonymous_3)
FNDA:0,(anonymous_4)
FNDA:0,(anonymous_5)
FNDA:0,(anonymous_6)
FNDA:0,(anonymous_7)
FNDA:0,(anonymous_8)
FNDA:0,(anonymous_9)
DA:17,0
DA:21,0
DA:26,0
DA:27,0
DA:32,0
DA:33,0
DA:34,0
DA:35,0
DA:36,0
DA:37,0
DA:38,0
DA:39,0
DA:40,0
DA:41,0
DA:42,0
DA:43,0
DA:44,0
DA:45,0
DA:49,0
DA:50,0
DA:51,0
DA:52,0
DA:53,0
DA:58,0
DA:59,0
DA:60,0
DA:61,0
DA:84,0
DA:99,0
DA:103,0
DA:104,0
DA:109,0
DA:110,0
DA:111,0
DA:113,0
DA:114,0
DA:115,0
DA:116,0
DA:120,0
DA:121,0
DA:128,0
DA:129,0
DA:130,0
DA:131,0
DA:132,0
DA:134,0
DA:163,2
LF:47
LH:1
BRDA:21,0,0,0
BRDA:21,0,1,0
BRDA:22,1,0,0
BRDA:22,1,1,0
BRDA:22,1,2,0
BRDA:40,2,0,0
BRDA:40,2,1,0
BRDA:44,3,0,0
BRDA:44,3,1,0
BRDA:52,4,0,0
BRDA:52,4,1,0
BRDA:58,5,0,0
BRDA:58,5,1,0
BRDA:113,6,0,0
BRDA:113,6,1,0
BRDA:131,7,0,0
BRDA:131,7,1,0
BRDA:152,8,0,0
BRDA:152,8,1,0
BRF:19
BRH:0
end_of_record
TN:
SF:C:\Users\Johnny\Downloads\461LProject\ioDB\web\src\components\WageSalaryTable.js
FN:5,(anonymous_0)
FN:22,getTableData
FNF:2
FNH:2
FNDA:2,(anonymous_0)
FNDA:2,getTableData
DA:5,3
DA:6,2
DA:8,2
DA:16,3
DA:23,2
LF:5
LH:5
BRF:0
BRH:0
end_of_record
TN:
SF:C:\Users\Johnny\Downloads\461LProject\ioDB\web\src\components\index.js
FNF:0
FNH:0
LF:0
LH:0
BRF:0
BRH:0
end_of_record
TN:
SF:C:\Users\Johnny\Downloads\461LProject\ioDB\web\src\pages\ExampleInstance.js
FN:5,(anonymous_0)
FN:26,(anonymous_1)
FN:11,(anonymous_2)
FN:15,(anonymous_3)
FN:20,(anonymous_4)
FN:31,(anonymous_5)
FNF:6
FNH:0
FNDA:0,(anonymous_0)
FNDA:0,(anonymous_1)
FNDA:0,(anonymous_2)
FNDA:0,(anonymous_3)
FNDA:0,(anonymous_4)
FNDA:0,(anonymous_5)
DA:1,0
DA:2,0
DA:3,0
DA:5,0
DA:11,0
DA:12,0
DA:13,0
DA:15,0
DA:16,0
DA:17,0
DA:20,0
DA:21,0
DA:23,0
DA:27,0
DA:28,0
DA:32,0
DA:33,0
LF:17
LH:0
BRF:0
BRH:0
end_of_record
TN:
SF:C:\Users\Johnny\Downloads\461LProject\ioDB\web\src\pages\About\AboutPage.js
FN:133,(anonymous_0)
FN:137,(anonymous_1)
FN:144,(anonymous_2)
FN:153,(anonymous_3)
FN:164,(anonymous_4)
FN:170,(anonymous_5)
FN:179,(anonymous_6)
FN:181,(anonymous_7)
FN:187,(anonymous_8)
FN:198,(anonymous_9)
FN:229,(anonymous_10)
FN:246,(anonymous_11)
FNF:12
FNH:9
FNDA:1,(anonymous_0)
FNDA:1,(anonymous_1)
FNDA:1,(anonymous_2)
FNDA:0,(anonymous_3)
FNDA:1,(anonymous_4)
FNDA:0,(anonymous_5)
FNDA:1,(anonymous_6)
FNDA:6,(anonymous_7)
FNDA:12,(anonymous_8)
FNDA:0,(anonymous_9)
FNDA:2,(anonymous_10)
FNDA:2,(anonymous_11)
DA:28,1
DA:90,1
DA:134,1
DA:138,1
DA:139,1
DA:140,1
DA:141,1
DA:145,1
DA:146,1
DA:150,1
DA:151,0
DA:153,0
DA:156,0
DA:157,0
DA:158,0
DA:161,0
DA:165,1
DA:166,1
DA:168,1
DA:169,0
DA:170,0
DA:171,0
DA:172,0
DA:173,0
DA:176,0
DA:180,1
DA:181,1
DA:182,6
DA:184,1
DA:188,12
DA:189,12
DA:190,12
DA:192,12
DA:198,0
DA:230,2
DA:231,2
DA:233,4
DA:243,2
DA:247,2
DA:248,2
LF:40
LH:27
BRF:0
BRH:0
end_of_record
TN:
SF:C:\Users\Johnny\Downloads\461LProject\ioDB\web\src\pages\App\App.js
FN:14,(anonymous_0)
FN:24,(anonymous_1)
FN:28,(anonymous_2)
FN:32,(anonymous_3)
FN:60,(anonymous_4)
FNF:5
FNH:0
FNDA:0,(anonymous_0)
FNDA:0,(anonymous_1)
FNDA:0,(anonymous_2)
FNDA:0,(anonymous_3)
FNDA:0,(anonymous_4)
DA:1,0
DA:2,0
DA:3,0
DA:4,0
DA:5,0
DA:6,0
DA:7,0
DA:8,0
DA:9,0
DA:10,0
DA:11,0
DA:14,0
DA:15,0
DA:17,0
DA:18,0
DA:25,0
DA:29,0
DA:33,0
DA:34,0
DA:35,0
DA:60,0
LF:21
LH:0
BRF:0
BRH:0
end_of_record
TN:
SF:C:\Users\Johnny\Downloads\461LProject\ioDB\web\src\pages\Home\HomePage.js
FN:7,(anonymous_0)
FNF:1
FNH:0
FNDA:0,(anonymous_0)
DA:1,0
DA:2,0
DA:3,0
DA:4,0
DA:8,0
DA:9,0
DA:10,0
LF:7
LH:0
BRF:0
BRH:0
end_of_record
TN:
SF:C:\Users\Johnny\Downloads\461LProject\ioDB\web\src\pages\IndustryInstance\IndustryInstancePage.js
FN:16,(anonymous_0)
FN:21,(anonymous_1)
FN:41,(anonymous_2)
FN:42,(anonymous_3)
FN:45,(anonymous_4)
FN:57,(anonymous_5)
FN:66,(anonymous_6)
FN:71,(anonymous_7)
FNF:8
FNH:1
FNDA:0,(anonymous_0)
FNDA:0,(anonymous_1)
FNDA:0,(anonymous_2)
FNDA:0,(anonymous_3)
FNDA:0,(anonymous_4)
FNDA:0,(anonymous_5)
FNDA:2,(anonymous_6)
FNDA:0,(anonymous_7)
DA:17,0
DA:18,0
DA:22,0
DA:26,0
DA:27,0
DA:28,0
DA:29,0
DA:30,0
DA:32,0
DA:33,0
DA:34,0
DA:36,0
DA:37,0
DA:42,0
DA:46,0
DA:47,0
DA:48,0
DA:50,0
DA:58,0
DA:59,0
DA:61,0
DA:62,0
DA:67,2
DA:68,2
DA:69,0
DA:71,0
DA:72,0
DA:80,0
LF:28
LH:2
BRDA:22,0,0,0
BRDA:22,0,1,0
BRDA:23,1,0,0
BRDA:23,1,1,0
BRDA:32,2,0,0
BRDA:32,2,1,0
BRDA:61,3,0,0
BRDA:61,3,1,0
BRDA:85,4,0,0
BRDA:85,4,1,0
BRDA:93,5,0,0
BRDA:93,5,1,0
BRDA:93,6,0,0
BRDA:93,6,1,0
BRDA:105,7,0,0
BRDA:105,7,1,0
BRDA:107,8,0,0
BRDA:107,8,1,0
BRF:18
BRH:0
end_of_record
TN:
SF:C:\Users\Johnny\Downloads\461LProject\ioDB\web\src\pages\LocationInstance\LocationInstancePage.js
FN:7,(anonymous_0)
FN:36,(anonymous_1)
FN:72,(anonymous_2)
FN:100,(anonymous_3)
FN:111,(anonymous_4)
FNF:5
FNH:1
FNDA:2,(anonymous_0)
FNDA:0,(anonymous_1)
FNDA:0,(anonymous_2)
FNDA:0,(anonymous_3)
FNDA:0,(anonymous_4)
DA:8,2
DA:9,2
DA:10,0
DA:31,0
DA:32,0
DA:33,0
DA:37,0
DA:46,0
DA:58,0
DA:73,0
DA:75,0
DA:83,0
DA:84,0
DA:89,0
DA:101,0
DA:112,0
LF:16
LH:2
BRDA:83,0,0,0
BRDA:83,0,1,0
BRDA:122,1,0,0
BRDA:122,1,1,0
BRDA:125,2,0,0
BRDA:125,2,1,0
BRF:6
BRH:0
end_of_record
TN:
SF:C:\Users\Johnny\Downloads\461LProject\ioDB\web\src\pages\New Page\NewPage.js
FN:5,(anonymous_0)
FNF:1
FNH:0
FNDA:0,(anonymous_0)
DA:1,0
DA:2,0
DA:6,0
LF:3
LH:0
BRF:0
BRH:0
end_of_record
TN:
SF:C:\Users\Johnny\Downloads\461LProject\ioDB\web\src\pages\OccupationInstance\OccupationInstancePage.js
FN:15,getMaxLocQuotient
FN:18,(anonymous_1)
FN:26,createHeatMapping
FN:33,(anonymous_3)
FN:52,(anonymous_4)
FN:167,(anonymous_5)
FN:175,(anonymous_6)
FN:180,(anonymous_7)
FN:187,(anonymous_8)
FN:203,(anonymous_9)
FN:204,(anonymous_10)
FN:207,(anonymous_11)
FN:64,(anonymous_12)
FN:74,(anonymous_13)
FN:107,checkEmpty
FN:111,(anonymous_15)
FN:134,(anonymous_16)
FN:142,(anonymous_17)
FN:161,(anonymous_18)
FN:239,(anonymous_19)
FN:272,(anonymous_20)
FNF:21
FNH:0
FNDA:0,getMaxLocQuotient
FNDA:0,(anonymous_1)
FNDA:0,createHeatMapping
FNDA:0,(anonymous_3)
FNDA:0,(anonymous_4)
FNDA:0,(anonymous_5)
FNDA:0,(anonymous_6)
FNDA:0,(anonymous_7)
FNDA:0,(anonymous_8)
FNDA:0,(anonymous_9)
FNDA:0,(anonymous_10)
FNDA:0,(anonymous_11)
FNDA:0,(anonymous_12)
FNDA:0,(anonymous_13)
FNDA:0,checkEmpty
FNDA:0,(anonymous_15)
FNDA:0,(anonymous_16)
FNDA:0,(anonymous_17)
FNDA:0,(anonymous_18)
FNDA:0,(anonymous_19)
FNDA:0,(anonymous_20)
DA:1,0
DA:2,0
DA:3,0
DA:4,0
DA:5,0
DA:6,0
DA:7,0
DA:8,0
DA:9,0
DA:16,0
DA:17,0
DA:18,0
DA:19,0
DA:20,0
DA:23,0
DA:28,0
DA:31,0
DA:33,0
DA:34,0
DA:36,0
DA:37,0
DA:39,0
DA:40,0
DA:41,0
DA:45,0
DA:47,0
DA:52,0
DA:53,0
DA:54,0
DA:64,0
DA:65,0
DA:66,0
DA:67,0
DA:74,0
DA:75,0
DA:79,0
DA:80,0
DA:81,0
DA:82,0
DA:85,0
DA:103,0
DA:108,0
DA:111,0
DA:112,0
DA:113,0
DA:117,0
DA:121,0
DA:122,0
DA:123,0
DA:128,0
DA:134,0
DA:135,0
DA:136,0
DA:138,0
DA:143,0
DA:146,0
DA:147,0
DA:148,0
DA:149,0
DA:150,0
DA:151,0
DA:153,0
DA:154,0
DA:155,0
DA:157,0
DA:158,0
DA:162,0
DA:163,0
DA:167,0
DA:168,0
DA:169,0
DA:171,0
DA:172,0
DA:173,0
DA:175,0
DA:176,0
DA:177,0
DA:180,0
DA:181,0
DA:182,0
DA:189,0
DA:190,0
DA:192,0
DA:194,0
DA:204,0
DA:207,0
DA:208,0
DA:210,0
DA:212,0
DA:213,0
DA:239,0
DA:240,0
DA:241,0
DA:242,0
DA:244,0
DA:272,0
LF:96
LH:0
BRDA:19,0,0,0
BRDA:19,0,1,0
BRDA:34,1,0,0
BRDA:34,1,1,0
BRDA:171,2,0,0
BRDA:171,2,1,0
BRDA:171,3,0,0
BRDA:171,3,1,0
BRDA:212,4,0,0
BRDA:212,4,1,0
BRDA:108,5,0,0
BRDA:108,5,1,0
BRDA:121,6,0,0
BRDA:121,6,1,0
BRDA:143,7,0,0
BRDA:143,7,1,0
BRDA:144,8,0,0
BRDA:144,8,1,0
BRDA:153,9,0,0
BRDA:153,9,1,0
BRDA:153,10,0,0
BRDA:153,10,1,0
BRDA:162,11,0,0
BRDA:162,11,1,0
BRDA:162,12,0,0
BRDA:162,12,1,0
BRDA:250,13,0,0
BRDA:250,13,1,0
BRDA:258,14,0,0
BRDA:258,14,1,0
BRDA:257,15,0,0
BRDA:257,15,1,0
BRDA:269,16,0,0
BRDA:269,16,1,0
BRDA:271,17,0,0
BRDA:271,17,1,0
BRF:36
BRH:0
end_of_record
TN:
SF:C:\Users\Johnny\Downloads\461LProject\ioDB\web\src\pages\Test\CheckboxWithLabel.js
FN:4,(anonymous_0)
FN:13,(anonymous_1)
FN:17,(anonymous_2)
FNF:3
FNH:3
FNDA:1,(anonymous_0)
FNDA:1,(anonymous_1)
FNDA:2,(anonymous_2)
DA:5,1
DA:6,1
DA:10,1
DA:14,1
DA:18,2
LF:5
LH:5
BRDA:21,0,0,1
BRDA:21,0,1,1
BRF:2
BRH:2
end_of_record
